<?xml version="1.0" encoding="UTF-8"?>
<!-- Generated by org.testng.reporters.JUnitReportReporter -->
<testsuite hostname="DESKTOP-MLBBIN1" failures="0" tests="4" name="com.example.tests.WikipediaSearchTest" time="43.731" errors="0" timestamp="2025-06-15T23:59:26 CDT" skipped="0">
  <testcase classname="com.example.tests.WikipediaSearchTest" name="testSearchForTerm" time="9.219"/>
  <testcase classname="com.example.tests.WikipediaSearchTest" name="testSearchForTerm" time="12.171"/>
  <testcase classname="com.example.tests.WikipediaSearchTest" name="testSearchForTerm" time="11.160"/>
  <testcase classname="com.example.tests.WikipediaSearchTest" name="testSearchForTerm" time="11.181"/>
</testsuite> <!-- com.example.tests.WikipediaSearchTest -->
