<?xml version="1.0" encoding="UTF-8"?>
<!-- Generated by org.testng.reporters.JUnitReportReporter -->
<testsuite hostname="DESKTOP-MLBBIN1" failures="0" tests="4" name="com.WikiDemo.tests.WikipediaSearchTest" time="38.676" errors="0" timestamp="2025-06-16T01:29:08 CDT" skipped="0">
  <testcase classname="com.WikiDemo.tests.WikipediaSearchTest" name="testSearchForTerm" time="10.630"/>
  <testcase classname="com.WikiDemo.tests.WikipediaSearchTest" name="testSearchForTerm" time="10.649"/>
  <testcase classname="com.WikiDemo.tests.WikipediaSearchTest" name="testSearchForTerm" time="9.343"/>
  <testcase classname="com.WikiDemo.tests.WikipediaSearchTest" name="testSearchForTerm" time="8.054"/>
</testsuite> <!-- com.WikiDemo.tests.WikipediaSearchTest -->
