<?xml version="1.0" encoding="UTF-8"?>
<!-- Generated by org.testng.reporters.JUnitReportReporter -->
<testsuite hostname="DESKTOP-MLBBIN1" failures="0" tests="1" name="com.example.tests.LoginTest" time="0.002" errors="0" timestamp="2025-06-15T21:45:24 CDT" skipped="0">
  <testcase classname="com.example.tests.LoginTest" name="testLaunch" time="0.002"/>
</testsuite> <!-- com.example.tests.LoginTest -->
