<?xml version="1.0" encoding="UTF-8"?>
<testsuite xmlns:xsi="http://www.w3.org/2001/XMLSchema-instance" xsi:noNamespaceSchemaLocation="https://maven.apache.org/surefire/maven-surefire-plugin/xsd/surefire-test-report-3.0.xsd" version="3.0" name="TestSuite" time="7.779" tests="1" errors="0" skipped="0" failures="0">
  <properties>
    <property name="java.specification.version" value="22"/>
    <property name="sun.cpu.isalist" value="amd64"/>
    <property name="sun.jnu.encoding" value="Cp1252"/>
    <property name="java.class.path" value="C:\Users\danev\qaRepo\qa-automation-portfolio\mobile-tests\target\test-classes;C:\Users\danev\qaRepo\qa-automation-portfolio\mobile-tests\target\classes;C:\Users\danev\.m2\repository\io\appium\java-client\9.2.3\java-client-9.2.3.jar;C:\Users\danev\.m2\repository\org\seleniumhq\selenium\selenium-api\4.33.0\selenium-api-4.33.0.jar;C:\Users\danev\.m2\repository\org\jspecify\jspecify\1.0.0\jspecify-1.0.0.jar;C:\Users\danev\.m2\repository\org\seleniumhq\selenium\selenium-remote-driver\4.33.0\selenium-remote-driver-4.33.0.jar;C:\Users\danev\.m2\repository\com\google\auto\service\auto-service-annotations\1.1.1\auto-service-annotations-1.1.1.jar;C:\Users\danev\.m2\repository\com\google\guava\guava\33.4.8-jre\guava-33.4.8-jre.jar;C:\Users\danev\.m2\repository\com\google\guava\failureaccess\1.0.3\failureaccess-1.0.3.jar;C:\Users\danev\.m2\repository\com\google\guava\listenablefuture\9999.0-empty-to-avoid-conflict-with-guava\listenablefuture-9999.0-empty-to-avoid-conflict-with-guava.jar;C:\Users\danev\.m2\repository\com\google\j2objc\j2objc-annotations\3.0.0\j2objc-annotations-3.0.0.jar;C:\Users\danev\.m2\repository\io\opentelemetry\opentelemetry-api\1.50.0\opentelemetry-api-1.50.0.jar;C:\Users\danev\.m2\repository\io\opentelemetry\opentelemetry-context\1.50.0\opentelemetry-context-1.50.0.jar;C:\Users\danev\.m2\repository\io\opentelemetry\opentelemetry-exporter-logging\1.50.0\opentelemetry-exporter-logging-1.50.0.jar;C:\Users\danev\.m2\repository\io\opentelemetry\opentelemetry-sdk-common\1.50.0\opentelemetry-sdk-common-1.50.0.jar;C:\Users\danev\.m2\repository\io\opentelemetry\opentelemetry-sdk-extension-autoconfigure-spi\1.50.0\opentelemetry-sdk-extension-autoconfigure-spi-1.50.0.jar;C:\Users\danev\.m2\repository\io\opentelemetry\opentelemetry-sdk-extension-autoconfigure\1.50.0\opentelemetry-sdk-extension-autoconfigure-1.50.0.jar;C:\Users\danev\.m2\repository\io\opentelemetry\opentelemetry-sdk-trace\1.50.0\opentelemetry-sdk-trace-1.50.0.jar;C:\Users\danev\.m2\repository\io\opentelemetry\opentelemetry-sdk\1.50.0\opentelemetry-sdk-1.50.0.jar;C:\Users\danev\.m2\repository\io\opentelemetry\opentelemetry-sdk-metrics\1.50.0\opentelemetry-sdk-metrics-1.50.0.jar;C:\Users\danev\.m2\repository\io\opentelemetry\opentelemetry-sdk-logs\1.50.0\opentelemetry-sdk-logs-1.50.0.jar;C:\Users\danev\.m2\repository\net\bytebuddy\byte-buddy\1.17.5\byte-buddy-1.17.5.jar;C:\Users\danev\.m2\repository\org\seleniumhq\selenium\selenium-http\4.33.0\selenium-http-4.33.0.jar;C:\Users\danev\.m2\repository\org\seleniumhq\selenium\selenium-json\4.33.0\selenium-json-4.33.0.jar;C:\Users\danev\.m2\repository\org\seleniumhq\selenium\selenium-manager\4.33.0\selenium-manager-4.33.0.jar;C:\Users\danev\.m2\repository\org\seleniumhq\selenium\selenium-os\4.33.0\selenium-os-4.33.0.jar;C:\Users\danev\.m2\repository\org\apache\commons\commons-exec\1.4.0\commons-exec-1.4.0.jar;C:\Users\danev\.m2\repository\org\seleniumhq\selenium\selenium-support\4.33.0\selenium-support-4.33.0.jar;C:\Users\danev\.m2\repository\com\google\code\gson\gson\2.11.0\gson-2.11.0.jar;C:\Users\danev\.m2\repository\com\google\errorprone\error_prone_annotations\2.27.0\error_prone_annotations-2.27.0.jar;C:\Users\danev\.m2\repository\org\slf4j\slf4j-api\2.0.13\slf4j-api-2.0.13.jar;C:\Users\danev\.m2\repository\org\testng\testng\7.9.0\testng-7.9.0.jar;C:\Users\danev\.m2\repository\com\beust\jcommander\1.82\jcommander-1.82.jar;C:\Users\danev\.m2\repository\org\webjars\jquery\3.7.1\jquery-3.7.1.jar;C:\Users\danev\.m2\repository\org\seleniumhq\selenium\selenium-java\4.19.0\selenium-java-4.19.0.jar;C:\Users\danev\.m2\repository\org\seleniumhq\selenium\selenium-chrome-driver\4.19.0\selenium-chrome-driver-4.19.0.jar;C:\Users\danev\.m2\repository\org\seleniumhq\selenium\selenium-chromium-driver\4.19.0\selenium-chromium-driver-4.19.0.jar;C:\Users\danev\.m2\repository\org\seleniumhq\selenium\selenium-devtools-v121\4.19.0\selenium-devtools-v121-4.19.0.jar;C:\Users\danev\.m2\repository\org\seleniumhq\selenium\selenium-devtools-v122\4.19.0\selenium-devtools-v122-4.19.0.jar;C:\Users\danev\.m2\repository\org\seleniumhq\selenium\selenium-devtools-v123\4.19.0\selenium-devtools-v123-4.19.0.jar;C:\Users\danev\.m2\repository\org\seleniumhq\selenium\selenium-devtools-v85\4.19.0\selenium-devtools-v85-4.19.0.jar;C:\Users\danev\.m2\repository\org\seleniumhq\selenium\selenium-edge-driver\4.19.0\selenium-edge-driver-4.19.0.jar;C:\Users\danev\.m2\repository\org\seleniumhq\selenium\selenium-firefox-driver\4.19.0\selenium-firefox-driver-4.19.0.jar;C:\Users\danev\.m2\repository\org\seleniumhq\selenium\selenium-ie-driver\4.19.0\selenium-ie-driver-4.19.0.jar;C:\Users\danev\.m2\repository\org\seleniumhq\selenium\selenium-safari-driver\4.19.0\selenium-safari-driver-4.19.0.jar;"/>
    <property name="java.vm.vendor" value="Oracle Corporation"/>
    <property name="sun.arch.data.model" value="64"/>
    <property name="user.variant" value=""/>
    <property name="java.vendor.url" value="https://java.oracle.com/"/>
    <property name="user.timezone" value="America/Chicago"/>
    <property name="os.name" value="Windows 11"/>
    <property name="java.vm.specification.version" value="22"/>
    <property name="sun.java.launcher" value="SUN_STANDARD"/>
    <property name="user.country" value="US"/>
    <property name="sun.boot.library.path" value="C:\Program Files\Java\jdk-22\bin"/>
    <property name="sun.java.command" value="C:\Users\danev\AppData\Local\Temp\surefire10473612161469084274\surefirebooter-20250615214516888_3.jar C:\Users\danev\AppData\Local\Temp\surefire10473612161469084274 2025-06-15T21-45-16_812-jvmRun1 surefire-20250615214516888_1tmp surefire_0-20250615214516888_2tmp"/>
    <property name="jdk.debug" value="release"/>
    <property name="surefire.test.class.path" value="C:\Users\danev\qaRepo\qa-automation-portfolio\mobile-tests\target\test-classes;C:\Users\danev\qaRepo\qa-automation-portfolio\mobile-tests\target\classes;C:\Users\danev\.m2\repository\io\appium\java-client\9.2.3\java-client-9.2.3.jar;C:\Users\danev\.m2\repository\org\seleniumhq\selenium\selenium-api\4.33.0\selenium-api-4.33.0.jar;C:\Users\danev\.m2\repository\org\jspecify\jspecify\1.0.0\jspecify-1.0.0.jar;C:\Users\danev\.m2\repository\org\seleniumhq\selenium\selenium-remote-driver\4.33.0\selenium-remote-driver-4.33.0.jar;C:\Users\danev\.m2\repository\com\google\auto\service\auto-service-annotations\1.1.1\auto-service-annotations-1.1.1.jar;C:\Users\danev\.m2\repository\com\google\guava\guava\33.4.8-jre\guava-33.4.8-jre.jar;C:\Users\danev\.m2\repository\com\google\guava\failureaccess\1.0.3\failureaccess-1.0.3.jar;C:\Users\danev\.m2\repository\com\google\guava\listenablefuture\9999.0-empty-to-avoid-conflict-with-guava\listenablefuture-9999.0-empty-to-avoid-conflict-with-guava.jar;C:\Users\danev\.m2\repository\com\google\j2objc\j2objc-annotations\3.0.0\j2objc-annotations-3.0.0.jar;C:\Users\danev\.m2\repository\io\opentelemetry\opentelemetry-api\1.50.0\opentelemetry-api-1.50.0.jar;C:\Users\danev\.m2\repository\io\opentelemetry\opentelemetry-context\1.50.0\opentelemetry-context-1.50.0.jar;C:\Users\danev\.m2\repository\io\opentelemetry\opentelemetry-exporter-logging\1.50.0\opentelemetry-exporter-logging-1.50.0.jar;C:\Users\danev\.m2\repository\io\opentelemetry\opentelemetry-sdk-common\1.50.0\opentelemetry-sdk-common-1.50.0.jar;C:\Users\danev\.m2\repository\io\opentelemetry\opentelemetry-sdk-extension-autoconfigure-spi\1.50.0\opentelemetry-sdk-extension-autoconfigure-spi-1.50.0.jar;C:\Users\danev\.m2\repository\io\opentelemetry\opentelemetry-sdk-extension-autoconfigure\1.50.0\opentelemetry-sdk-extension-autoconfigure-1.50.0.jar;C:\Users\danev\.m2\repository\io\opentelemetry\opentelemetry-sdk-trace\1.50.0\opentelemetry-sdk-trace-1.50.0.jar;C:\Users\danev\.m2\repository\io\opentelemetry\opentelemetry-sdk\1.50.0\opentelemetry-sdk-1.50.0.jar;C:\Users\danev\.m2\repository\io\opentelemetry\opentelemetry-sdk-metrics\1.50.0\opentelemetry-sdk-metrics-1.50.0.jar;C:\Users\danev\.m2\repository\io\opentelemetry\opentelemetry-sdk-logs\1.50.0\opentelemetry-sdk-logs-1.50.0.jar;C:\Users\danev\.m2\repository\net\bytebuddy\byte-buddy\1.17.5\byte-buddy-1.17.5.jar;C:\Users\danev\.m2\repository\org\seleniumhq\selenium\selenium-http\4.33.0\selenium-http-4.33.0.jar;C:\Users\danev\.m2\repository\org\seleniumhq\selenium\selenium-json\4.33.0\selenium-json-4.33.0.jar;C:\Users\danev\.m2\repository\org\seleniumhq\selenium\selenium-manager\4.33.0\selenium-manager-4.33.0.jar;C:\Users\danev\.m2\repository\org\seleniumhq\selenium\selenium-os\4.33.0\selenium-os-4.33.0.jar;C:\Users\danev\.m2\repository\org\apache\commons\commons-exec\1.4.0\commons-exec-1.4.0.jar;C:\Users\danev\.m2\repository\org\seleniumhq\selenium\selenium-support\4.33.0\selenium-support-4.33.0.jar;C:\Users\danev\.m2\repository\com\google\code\gson\gson\2.11.0\gson-2.11.0.jar;C:\Users\danev\.m2\repository\com\google\errorprone\error_prone_annotations\2.27.0\error_prone_annotations-2.27.0.jar;C:\Users\danev\.m2\repository\org\slf4j\slf4j-api\2.0.13\slf4j-api-2.0.13.jar;C:\Users\danev\.m2\repository\org\testng\testng\7.9.0\testng-7.9.0.jar;C:\Users\danev\.m2\repository\com\beust\jcommander\1.82\jcommander-1.82.jar;C:\Users\danev\.m2\repository\org\webjars\jquery\3.7.1\jquery-3.7.1.jar;C:\Users\danev\.m2\repository\org\seleniumhq\selenium\selenium-java\4.19.0\selenium-java-4.19.0.jar;C:\Users\danev\.m2\repository\org\seleniumhq\selenium\selenium-chrome-driver\4.19.0\selenium-chrome-driver-4.19.0.jar;C:\Users\danev\.m2\repository\org\seleniumhq\selenium\selenium-chromium-driver\4.19.0\selenium-chromium-driver-4.19.0.jar;C:\Users\danev\.m2\repository\org\seleniumhq\selenium\selenium-devtools-v121\4.19.0\selenium-devtools-v121-4.19.0.jar;C:\Users\danev\.m2\repository\org\seleniumhq\selenium\selenium-devtools-v122\4.19.0\selenium-devtools-v122-4.19.0.jar;C:\Users\danev\.m2\repository\org\seleniumhq\selenium\selenium-devtools-v123\4.19.0\selenium-devtools-v123-4.19.0.jar;C:\Users\danev\.m2\repository\org\seleniumhq\selenium\selenium-devtools-v85\4.19.0\selenium-devtools-v85-4.19.0.jar;C:\Users\danev\.m2\repository\org\seleniumhq\selenium\selenium-edge-driver\4.19.0\selenium-edge-driver-4.19.0.jar;C:\Users\danev\.m2\repository\org\seleniumhq\selenium\selenium-firefox-driver\4.19.0\selenium-firefox-driver-4.19.0.jar;C:\Users\danev\.m2\repository\org\seleniumhq\selenium\selenium-ie-driver\4.19.0\selenium-ie-driver-4.19.0.jar;C:\Users\danev\.m2\repository\org\seleniumhq\selenium\selenium-safari-driver\4.19.0\selenium-safari-driver-4.19.0.jar;"/>
    <property name="sun.cpu.endian" value="little"/>
    <property name="user.home" value="C:\Users\danev"/>
    <property name="user.language" value="en"/>
    <property name="java.specification.vendor" value="Oracle Corporation"/>
    <property name="java.version.date" value="2024-04-16"/>
    <property name="java.home" value="C:\Program Files\Java\jdk-22"/>
    <property name="file.separator" value="\"/>
    <property name="basedir" value="C:\Users\danev\qaRepo\qa-automation-portfolio\mobile-tests"/>
    <property name="java.vm.compressedOopsMode" value="Zero based"/>
    <property name="line.separator" value="&#10;"/>
    <property name="java.vm.specification.vendor" value="Oracle Corporation"/>
    <property name="java.specification.name" value="Java Platform API Specification"/>
    <property name="surefire.real.class.path" value="C:\Users\danev\AppData\Local\Temp\surefire10473612161469084274\surefirebooter-20250615214516888_3.jar"/>
    <property name="user.script" value=""/>
    <property name="sun.management.compiler" value="HotSpot 64-Bit Tiered Compilers"/>
    <property name="java.runtime.version" value="22.0.1+8-16"/>
    <property name="user.name" value="danev"/>
    <property name="stdout.encoding" value="Cp1252"/>
    <property name="path.separator" value=";"/>
    <property name="os.version" value="10.0"/>
    <property name="java.runtime.name" value="Java(TM) SE Runtime Environment"/>
    <property name="file.encoding" value="UTF-8"/>
    <property name="java.vm.name" value="Java HotSpot(TM) 64-Bit Server VM"/>
    <property name="localRepository" value="C:\Users\danev\.m2\repository"/>
    <property name="java.vendor.url.bug" value="https://bugreport.java.com/bugreport/"/>
    <property name="java.io.tmpdir" value="C:\Users\danev\AppData\Local\Temp\"/>
    <property name="java.version" value="22.0.1"/>
    <property name="user.dir" value="C:\Users\danev\qaRepo\qa-automation-portfolio\mobile-tests"/>
    <property name="os.arch" value="amd64"/>
    <property name="java.vm.specification.name" value="Java Virtual Machine Specification"/>
    <property name="sun.os.patch.level" value=""/>
    <property name="native.encoding" value="Cp1252"/>
    <property name="java.library.path" value="C:\Program Files\Java\jdk-22\bin;C:\WINDOWS\Sun\Java\bin;C:\WINDOWS\system32;C:\WINDOWS;C:\Program Files\PowerShell\7;C:\Program Files\OpenSSH\;C:\Program Files\Microsoft\jdk-11.0.12.7-hotspot\bin;C:\Python311\Scripts\;C:\Python311\;C:\Program Files\Common Files\Oracle\Java\javapath;C:\Program Files\Oculus\Support\oculus-runtime;C:\Windows\system32;C:\Windows;C:\Windows\System32\Wbem;C:\Windows\System32\WindowsPowerShell\v1.0\;C:\Windows\System32\OpenSSH\;C:\Program Files\NVIDIA Corporation\NVIDIA NvDLISR;C:\Program Files (x86)\NVIDIA Corporation\PhysX\Common;C:\Program Files\dotnet\;C:\Program Files\Microsoft SQL Server\130\Tools\Binn\;C:\ProgramData\chocolatey\bin;C:\Program Files\nodejs\;C:\Program Files\Microsoft SQL Server\150\Tools\Binn\;C:\Program Files\Microsoft SQL Server\Client SDK\ODBC\170\Tools\Binn\;C:\Program Files\Git\cmd;C:\Program Files\GitHub CLI\;C:\Program Files\Docker\Docker\resources\bin;C:\Users\danev\AppData\Local\Android\Sdk\tools;C:\Users\danev\AppData\Local\Android\Sdk\platform-tools;C:\Program Files\nodejs\node_modules\npm\bin;C:\WINDOWS\system32;C:\WINDOWS;C:\WINDOWS\System32\Wbem;C:\WINDOWS\System32\WindowsPowerShell\v1.0\;C:\WINDOWS\System32\OpenSSH\;C:\Program Files\PowerShell\7\;C:\Program Files\Apache\Maven\apache-maven-3.9.10\bin;C:\Users\danev\AppData\Local\Microsoft\WindowsApps;C:\Users\danev\.dotnet\tools;C:\Users\danev\AppData\Roaming\npm;C:\Program Files\Azure Data Studio\bin;C:\Program Files\MKVToolNix;C:\Users\danev\AppData\Local\Microsoft\WindowsApps;C:\Users\danev\AppData\Local\Programs\Microsoft VS Code\bin;c:\Users\danev\AppData\Roaming\Code\User\globalStorage\github.copilot-chat\debugCommand;."/>
    <property name="java.vm.info" value="mixed mode, sharing"/>
    <property name="stderr.encoding" value="Cp1252"/>
    <property name="java.vendor" value="Oracle Corporation"/>
    <property name="java.vm.version" value="22.0.1+8-16"/>
    <property name="sun.io.unicode.encoding" value="UnicodeLittle"/>
    <property name="java.class.version" value="66.0"/>
  </properties>
  <testcase name="testLaunch" classname="com.example.tests.LoginTest" time="0.001">
    <system-out><![CDATA[[Suite] Starting Appium Server...
&amp#27;[35m[Appium]&amp#27;[39m Welcome to Appium v2.5.2
&amp#27;[35m[Appium]&amp#27;[39m Non-default server args:
&amp#27;[35m[Appium]&amp#27;[39m { address: &amp#27;[32m'127.0.0.1'&amp#27;[39m }
&amp#27;[35m[Appium]&amp#27;[39m The autodetected Appium home path: C:\Users\danev
&amp#27;[35m[Appium]&amp#27;[39m Attempting to load driver uiautomator2...
&amp#27;[35m[Appium]&amp#27;[39m Requiring driver at C:\Users\danev\node_modules\appium-uiautomator2-driver\build\index.js
&amp#27;[35m[Appium]&amp#27;[39m AndroidUiautomator2Driver has been successfully loaded in 0.601s
&amp#27;[35m[Appium]&amp#27;[39m Appium REST http interface listener started on http://127.0.0.1:4723
&amp#27;[35m[Appium]&amp#27;[39m Available drivers:
&amp#27;[35m[Appium]&amp#27;[39m   - uiautomator2@3.1.0 (automationName 'UiAutomator2')
&amp#27;[35m[Appium]&amp#27;[39m No plugins have been installed. Use the "appium plugin" command to install the one(s) you want to use.
&amp#27;[38;5;0m[HTTP]&amp#27;[0m &amp#27;[37m-->&amp#27;[39m &amp#27;[37mGET&amp#27;[39m &amp#27;[37m/status&amp#27;[39m
&amp#27;[38;5;0m[HTTP]&amp#27;[0m &amp#27;[90m{}&amp#27;[39m
&amp#27;[38;5;16m[AppiumDriver@3f57]&amp#27;[0m Calling AppiumDriver.getStatus() with args: []
&amp#27;[38;5;16m[AppiumDriver@3f57]&amp#27;[0m Responding to client with driver.getStatus() result: {"ready":true,"message":"The server is ready to accept new connections","build":{"version":"2.5.2"}}
&amp#27;[38;5;0m[HTTP]&amp#27;[0m &amp#27;[37m<-- GET /status &amp#27;[39m&amp#27;[32m200&amp#27;[39m &amp#27;[90m4 ms - 110&amp#27;[39m
&amp#27;[38;5;0m[HTTP]&amp#27;[0m &amp#27;[90m&amp#27;[39m
&amp#27;[38;5;0m[HTTP]&amp#27;[0m Request idempotency key: fad35fea-a1cc-46c4-971f-4f5ed307da41
&amp#27;[38;5;0m[HTTP]&amp#27;[0m &amp#27;[37m-->&amp#27;[39m &amp#27;[37mPOST&amp#27;[39m &amp#27;[37m/session&amp#27;[39m
&amp#27;[38;5;0m[HTTP]&amp#27;[0m &amp#27;[90m{"capabilities":{"firstMatch":[{"appium:autoGrantPermissions":true,"appium:appWaitActivity":"org.wikipedia.onboarding.InitialOnboardingActivity","appium:deviceName":"emulator-5554","platformName":"ANDROID","appium:automationName":"UiAutomator2","appium:app":"C:\\Users\\danev\\qaRepo\\qa-automation-portfolio\\mobile-tests\\src\\test\\resources\\apks\\org.wikipedia_50530.apk"}]}}&amp#27;[39m
&amp#27;[38;5;16m[AppiumDriver@3f57]&amp#27;[0m Calling AppiumDriver.createSession() with args: [null,null,{"firstMatch":[{"appium:autoGrantPermissions":true,"appium:appWaitActivity":"org.wikipedia.onboarding.InitialOnboardingActivity","appium:deviceName":"emulator-5554","platformName":"ANDROID","appium:automationName":"UiAutomator2","appium:app":"C:\\Users\\danev\\qaRepo\\qa-automation-portfolio\\mobile-tests\\src\\test\\resources\\apks\\org.wikipedia_50530.apk"}]}]
&amp#27;[38;5;16m[AppiumDriver@3f57]&amp#27;[0m Event 'newSessionRequested' logged at 1750041919635 (21:45:19 GMT-0500 (Central Daylight Time))
&amp#27;[35m[Appium]&amp#27;[39m Attempting to find matching driver for automationName 'UiAutomator2' and platformName 'ANDROID'
&amp#27;[35m[Appium]&amp#27;[39m The 'uiautomator2' driver was installed and matched caps.
&amp#27;[35m[Appium]&amp#27;[39m Will require it at C:\Users\danev\node_modules\appium-uiautomator2-driver
&amp#27;[35m[Appium]&amp#27;[39m Requiring driver at C:\Users\danev\node_modules\appium-uiautomator2-driver\build\index.js
&amp#27;[38;5;16m[AppiumDriver@3f57]&amp#27;[0m Appium v2.5.2 creating new AndroidUiautomator2Driver (v3.1.0) session
&amp#27;[38;5;16m[AppiumDriver@3f57]&amp#27;[0m Checking BaseDriver versions for Appium and AndroidUiautomator2Driver
&amp#27;[38;5;16m[AppiumDriver@3f57]&amp#27;[0m Appium's BaseDriver version is 9.5.3
&amp#27;[38;5;16m[AppiumDriver@3f57]&amp#27;[0m AndroidUiautomator2Driver's BaseDriver version is 9.5.3
&amp#27;[38;5;32m[AndroidUiautomator2Driver@f469]&amp#27;[0m Creating session with W3C capabilities: {
&amp#27;[38;5;32m[AndroidUiautomator2Driver@f469]&amp#27;[0m   "alwaysMatch": {
&amp#27;[38;5;32m[AndroidUiautomator2Driver@f469]&amp#27;[0m     "platformName": "ANDROID",
&amp#27;[38;5;32m[AndroidUiautomator2Driver@f469]&amp#27;[0m     "appium:autoGrantPermissions": true,
&amp#27;[38;5;32m[AndroidUiautomator2Driver@f469]&amp#27;[0m     "appium:appWaitActivity": "org.wikipedia.onboarding.InitialOnboardingActivity",
&amp#27;[38;5;32m[AndroidUiautomator2Driver@f469]&amp#27;[0m     "appium:deviceName": "emulator-5554",
&amp#27;[38;5;32m[AndroidUiautomator2Driver@f469]&amp#27;[0m     "appium:automationName": "UiAutomator2",
&amp#27;[38;5;32m[AndroidUiautomator2Driver@f469]&amp#27;[0m     "appium:app": "C:\\Users\\danev\\qaRepo\\qa-automation-portfolio\\mobile-tests\\src\\test\\resources\\apks\\org.wikipedia_50530.apk"
&amp#27;[38;5;32m[AndroidUiautomator2Driver@f469]&amp#27;[0m   },
&amp#27;[38;5;32m[AndroidUiautomator2Driver@f469]&amp#27;[0m   "firstMatch": [
&amp#27;[38;5;32m[AndroidUiautomator2Driver@f469]&amp#27;[0m     {}
&amp#27;[38;5;32m[AndroidUiautomator2Driver@f469]&amp#27;[0m   ]
&amp#27;[38;5;32m[AndroidUiautomator2Driver@f469]&amp#27;[0m }
&amp#27;[38;5;32m[AndroidUiautomator2Driver@f469 (f5c6ca44)]&amp#27;[0m Session created with session id: f5c6ca44-3d75-4e5d-987a-d1438f351f45
&amp#27;[38;5;48m[ADB]&amp#27;[0m Found 1 'build-tools' folders under 'C:\Users\danev\AppData\Local\Android\Sdk' (newest first):
&amp#27;[38;5;48m[ADB]&amp#27;[0m     C:\Users\danev\AppData\Local\Android\Sdk\build-tools\34.0.0
&amp#27;[38;5;48m[ADB]&amp#27;[0m Using 'adb.exe' from 'C:\Users\danev\AppData\Local\Android\Sdk\platform-tools\adb.exe'
&amp#27;[38;5;48m[ADB]&amp#27;[0m Running 'C:\Users\danev\AppData\Local\Android\Sdk\platform-tools\adb.exe -P 5037 start-server'
&amp#27;[38;5;32m[AndroidUiautomator2Driver@f469 (f5c6ca44)]&amp#27;[0m Retrieving device list
&amp#27;[38;5;48m[ADB]&amp#27;[0m Trying to find connected Android devices
&amp#27;[38;5;48m[ADB]&amp#27;[0m Getting connected devices
&amp#27;[38;5;48m[ADB]&amp#27;[0m Connected devices: [{"udid":"emulator-5554","state":"device"}]
&amp#27;[38;5;32m[AndroidUiautomator2Driver@f469 (f5c6ca44)]&amp#27;[0m Using device: emulator-5554
&amp#27;[38;5;48m[ADB]&amp#27;[0m Using 'adb.exe' from 'C:\Users\danev\AppData\Local\Android\Sdk\platform-tools\adb.exe'
&amp#27;[38;5;48m[ADB]&amp#27;[0m Running 'C:\Users\danev\AppData\Local\Android\Sdk\platform-tools\adb.exe -P 5037 start-server'
&amp#27;[38;5;48m[ADB]&amp#27;[0m Setting device id to emulator-5554
&amp#27;[38;5;64m[BaseDriver]&amp#27;[0m Using local app 'C:\Users\danev\qaRepo\qa-automation-portfolio\mobile-tests\src\test\resources\apks\org.wikipedia_50530.apk'
&amp#27;[38;5;32m[AndroidUiautomator2Driver@f469 (f5c6ca44)]&amp#27;[0m Checking whether app is actually present
&amp#27;[38;5;48m[ADB]&amp#27;[0m Running 'C:\Users\danev\AppData\Local\Android\Sdk\platform-tools\adb.exe -P 5037 -s emulator-5554 shell getprop ro.build.version.sdk'
&amp#27;[38;5;48m[ADB]&amp#27;[0m Current device property 'ro.build.version.sdk': 34
&amp#27;[38;5;48m[ADB]&amp#27;[0m Getting device platform version
&amp#27;[38;5;48m[ADB]&amp#27;[0m Running 'C:\Users\danev\AppData\Local\Android\Sdk\platform-tools\adb.exe -P 5037 -s emulator-5554 shell getprop ro.build.version.release'
&amp#27;[38;5;48m[ADB]&amp#27;[0m Current device property 'ro.build.version.release': 14
&amp#27;[38;5;48m[ADB]&amp#27;[0m Device API level: 34
&amp#27;[38;5;32m[AndroidUiautomator2Driver@f469 (f5c6ca44)]&amp#27;[0m Relaxing hidden api policy
&amp#27;[38;5;48m[ADB]&amp#27;[0m Running 'C:\Users\danev\AppData\Local\Android\Sdk\platform-tools\adb.exe -P 5037 -s emulator-5554 shell 'settings put global hidden_api_policy_pre_p_apps 1;settings put global hidden_api_policy_p_apps 1;settings put global hidden_api_policy 1''
&amp#27;[38;5;32m[AndroidUiautomator2Driver@f469 (f5c6ca44)]&amp#27;[0m Parsing package and activity from app manifest
&amp#27;[38;5;48m[ADB]&amp#27;[0m Running 'C:\Users\danev\AppData\Local\Android\Sdk\platform-tools\adb.exe -P 5037 -s emulator-5554 wait-for-device'
&amp#27;[38;5;48m[ADB]&amp#27;[0m Running 'C:\Users\danev\AppData\Local\Android\Sdk\platform-tools\adb.exe -P 5037 -s emulator-5554 shell echo ping'
&amp#27;[38;5;48m[ADB]&amp#27;[0m Package name: 'org.wikipedia'
&amp#27;[38;5;48m[ADB]&amp#27;[0m Main activity name: 'org.wikipedia.main.MainActivity'
&amp#27;[38;5;32m[AndroidUiautomator2Driver@f469 (f5c6ca44)]&amp#27;[0m Parsed package and activity are: org.wikipedia/org.wikipedia.main.MainActivity
&amp#27;[38;5;32m[AndroidUiautomator2Driver@f469 (f5c6ca44)]&amp#27;[0m Pushing settings apk to the device...
&amp#27;[38;5;48m[ADB]&amp#27;[0m Getting package info for 'io.appium.settings'
&amp#27;[38;5;48m[ADB]&amp#27;[0m Running 'C:\Users\danev\AppData\Local\Android\Sdk\platform-tools\adb.exe -P 5037 -s emulator-5554 shell dumpsys package io.appium.settings'
&amp#27;[38;5;48m[ADB]&amp#27;[0m The version name of the installed 'io.appium.settings' is greater or equal to the application version name ('5.7.9' >= '5.7.9')
&amp#27;[38;5;48m[ADB]&amp#27;[0m There is no need to install/upgrade 'C:\Users\danev\node_modules\appium-uiautomator2-driver\node_modules\io.appium.settings\apks\settings_apk-debug.apk'
&amp#27;[38;5;48m[ADB]&amp#27;[0m Running 'C:\Users\danev\AppData\Local\Android\Sdk\platform-tools\adb.exe -P 5037 -s emulator-5554 shell dumpsys activity services io.appium.settings'
&amp#27;[38;5;32m[AndroidUiautomator2Driver@f469 (f5c6ca44)]&amp#27;[0m io.appium.settings is already running. There is no need to reset its permissions.
&amp#27;[38;5;80m[Logcat]&amp#27;[0m Starting logs capture with command: C:\\Users\\danev\\AppData\\Local\\Android\\Sdk\\platform-tools\\adb.exe -P 5037 -s emulator-5554 logcat -v threadtime
&amp#27;[38;5;32m[AndroidUiautomator2Driver@f469 (f5c6ca44)]&amp#27;[0m Forwarding UiAutomator2 Server port 6790 to local port 8200
&amp#27;[38;5;48m[ADB]&amp#27;[0m Forwarding system: 8200 to device: 6790
&amp#27;[38;5;48m[ADB]&amp#27;[0m Running 'C:\Users\danev\AppData\Local\Android\Sdk\platform-tools\adb.exe -P 5037 -s emulator-5554 forward tcp:8200 tcp:6790'
&amp#27;[38;5;48m[ADB]&amp#27;[0m Getting package info for 'io.appium.uiautomator2.server'
&amp#27;[38;5;48m[ADB]&amp#27;[0m Running 'C:\Users\danev\AppData\Local\Android\Sdk\platform-tools\adb.exe -P 5037 -s emulator-5554 shell dumpsys package io.appium.uiautomator2.server'
&amp#27;[38;5;48m[ADB]&amp#27;[0m Getting install status for io.appium.uiautomator2.server.test
&amp#27;[38;5;48m[ADB]&amp#27;[0m Checking app cert for C:\Users\danev\qaRepo\qa-automation-portfolio\mobile-tests\src\test\resources\apks\org.wikipedia_50530.apk
&amp#27;[38;5;48m[ADB]&amp#27;[0m Running 'C:\Users\danev\AppData\Local\Android\Sdk\platform-tools\adb.exe -P 5037 -s emulator-5554 shell cmd package list packages'
&amp#27;[38;5;48m[ADB]&amp#27;[0m 'io.appium.uiautomator2.server.test' is installed
&amp#27;[38;5;48m[ADB]&amp#27;[0m Using 'apksigner.jar' from 'C:\Users\danev\AppData\Local\Android\Sdk\build-tools\34.0.0\lib\apksigner.jar'
&amp#27;[38;5;48m[ADB]&amp#27;[0m Starting apksigner: 'C:\\Program Files\\Java\\jdk-22\\bin\\java.exe' -Xmx1024M -Xss1m -jar C:\\Users\\danev\\AppData\\Local\\Android\\Sdk\\build-tools\\34.0.0\\lib\\apksigner.jar verify --print-certs C:\\Users\\danev\\qaRepo\\qa-automation-portfolio\\mobile-tests\\src\\test\\resources\\apks\\org.wikipedia_50530.apk
&amp#27;[38;5;48m[ADB]&amp#27;[0m The version name of the installed 'io.appium.uiautomator2.server' is greater or equal to the application version name ('7.0.5' >= '7.0.5')
&amp#27;[38;5;32m[AndroidUiautomator2Driver@f469 (f5c6ca44)]&amp#27;[0m Server packages status: [{"installState":"sameVersionInstalled","appPath":"C:\\Users\\danev\\node_modules\\appium-uiautomator2-driver\\node_modules\\appium-uiautomator2-server\\apks\\appium-uiautomator2-server-v7.0.5.apk","appId":"io.appium.uiautomator2.server"},{"installState":"sameVersionInstalled","appPath":"C:\\Users\\danev\\node_modules\\appium-uiautomator2-driver\\node_modules\\appium-uiautomator2-server\\apks\\appium-uiautomator2-server-debug-androidTest.apk","appId":"io.appium.uiautomator2.server.test"}]
&amp#27;[38;5;32m[AndroidUiautomator2Driver@f469 (f5c6ca44)]&amp#27;[0m Server packages are not going to be (re)installed
&amp#27;[38;5;32m[AndroidUiautomator2Driver@f469 (f5c6ca44)]&amp#27;[0m Waiting up to 30000ms for services to be available
&amp#27;[38;5;48m[ADB]&amp#27;[0m Running 'C:\Users\danev\AppData\Local\Android\Sdk\platform-tools\adb.exe -P 5037 -s emulator-5554 shell pm list instrumentation'
&amp#27;[38;5;32m[AndroidUiautomator2Driver@f469 (f5c6ca44)]&amp#27;[0m Instrumentation target 'io.appium.uiautomator2.server.test/androidx.test.runner.AndroidJUnitRunner' is available
&amp#27;[38;5;48m[ADB]&amp#27;[0m Adding packages ["io.appium.settings","io.appium.uiautomator2.server","io.appium.uiautomator2.server.test"] to Doze whitelist
&amp#27;[38;5;48m[ADB]&amp#27;[0m Got the following command chunks to execute: [["dumpsys","deviceidle","whitelist","+io.appium.settings",";","dumpsys","deviceidle","whitelist","+io.appium.uiautomator2.server",";","dumpsys","deviceidle","whitelist","+io.appium.uiautomator2.server.test",";"]]
&amp#27;[38;5;48m[ADB]&amp#27;[0m Running 'C:\Users\danev\AppData\Local\Android\Sdk\platform-tools\adb.exe -P 5037 -s emulator-5554 shell dumpsys deviceidle whitelist +io.appium.settings ; dumpsys deviceidle whitelist +io.appium.uiautomator2.server ; dumpsys deviceidle whitelist +io.appium.uiautomator2.server.test ;'
&amp#27;[38;5;48m[ADB]&amp#27;[0m apksigner stdout: Signer #1 certificate DN: CN=FDroid, OU=FDroid, O=fdroid.org, L=ORG, ST=ORG, C=UK
&amp#27;[38;5;48m[ADB]&amp#27;[0m Signer #1 certificate SHA-256 digest: 1c3ddb0e8f3258b0ff3b7b6a608d19e7cdeed38a5897bbda23bac155923b1267
&amp#27;[38;5;48m[ADB]&amp#27;[0m Signer #1 certificate SHA-1 digest: 0a2ed9fad0a1578b9531e4e61f9c0169159733aa
&amp#27;[38;5;48m[ADB]&amp#27;[0m Signer #1 certificate MD5 digest: 73bf74eb3798b285a97fbf010ba6ef13
&amp#27;[38;5;48m[ADB]&amp#27;[0m 
&amp#27;[38;5;48m[ADB]&amp#27;[0m 'C:\Users\danev\qaRepo\qa-automation-portfolio\mobile-tests\src\test\resources\apks\org.wikipedia_50530.apk' is signed with a non-default certificate
&amp#27;[38;5;48m[ADB]&amp#27;[0m Getting package info for 'org.wikipedia'
&amp#27;[38;5;48m[ADB]&amp#27;[0m Running 'C:\Users\danev\AppData\Local\Android\Sdk\platform-tools\adb.exe -P 5037 -s emulator-5554 shell dumpsys package org.wikipedia'
&amp#27;[38;5;48m[ADB]&amp#27;[0m The version name of the installed 'org.wikipedia' is equal to application version name (50530 === 50530)
&amp#27;[38;5;48m[ADB]&amp#27;[0m There is no need to install/upgrade 'C:\Users\danev\qaRepo\qa-automation-portfolio\mobile-tests\src\test\resources\apks\org.wikipedia_50530.apk'
&amp#27;[38;5;32m[AndroidUiautomator2Driver@f469 (f5c6ca44)]&amp#27;[0m Performing fast reset on 'org.wikipedia'
&amp#27;[38;5;48m[ADB]&amp#27;[0m Getting install status for org.wikipedia
&amp#27;[38;5;48m[ADB]&amp#27;[0m Running 'C:\Users\danev\AppData\Local\Android\Sdk\platform-tools\adb.exe -P 5037 -s emulator-5554 shell cmd package list packages'
&amp#27;[38;5;48m[ADB]&amp#27;[0m 'org.wikipedia' is installed
&amp#27;[38;5;48m[ADB]&amp#27;[0m Running 'C:\Users\danev\AppData\Local\Android\Sdk\platform-tools\adb.exe -P 5037 -s emulator-5554 shell am force-stop org.wikipedia'
&amp#27;[38;5;48m[ADB]&amp#27;[0m Running 'C:\Users\danev\AppData\Local\Android\Sdk\platform-tools\adb.exe -P 5037 -s emulator-5554 shell pm clear org.wikipedia'
&amp#27;[38;5;48m[ADB]&amp#27;[0m Running 'C:\Users\danev\AppData\Local\Android\Sdk\platform-tools\adb.exe -P 5037 -s emulator-5554 shell dumpsys package org.wikipedia'
&amp#27;[38;5;48m[ADB]&amp#27;[0m Retrieving requested permissions
&amp#27;[38;5;48m[ADB]&amp#27;[0m Retrieved 24 permissions from requested group
&amp#27;[38;5;48m[ADB]&amp#27;[0m Retrieving granted permissions
&amp#27;[38;5;48m[ADB]&amp#27;[0m Retrieved 7 permissions from install,runtime groups
&amp#27;[38;5;48m[ADB]&amp#27;[0m Granting permissions ["android.permission.WRITE_EXTERNAL_STORAGE","android.permission.POST_NOTIFICATIONS","android.permission.ACCESS_COARSE_LOCATION","android.permission.ACCESS_FINE_LOCATION","android.permission.READ_EXTERNAL_STORAGE","android.permission.POST_NOTIFICATIONS","android.permission.ACCESS_FINE_LOCATION","android.permission.READ_EXTERNAL_STORAGE","android.permission.ACCESS_COARSE_LOCATION","android.permission.WRITE_EXTERNAL_STORAGE"] to 'org.wikipedia'
&amp#27;[38;5;48m[ADB]&amp#27;[0m Got the following command chunks to execute: [["pm","grant","org.wikipedia","android.permission.WRITE_EXTERNAL_STORAGE",";","pm","grant","org.wikipedia","android.permission.POST_NOTIFICATIONS",";","pm","grant","org.wikipedia","android.permission.ACCESS_COARSE_LOCATION",";","pm","grant","org.wikipedia","android.permission.ACCESS_FINE_LOCATION",";","pm","grant","org.wikipedia","android.permission.READ_EXTERNAL_STORAGE",";","pm","grant","org.wikipedia","android.permission.POST_NOTIFICATIONS",";","pm","grant","org.wikipedia","android.permission.ACCESS_FINE_LOCATION",";","pm","grant","org.wikipedia","android.permission.READ_EXTERNAL_STORAGE",";","pm","grant","org.wikipedia","android.permission.ACCESS_COARSE_LOCATION",";","pm","grant","org.wikipedia","android.permission.WRITE_EXTERNAL_STORAGE",";"]]
&amp#27;[38;5;48m[ADB]&amp#27;[0m Running 'C:\Users\danev\AppData\Local\Android\Sdk\platform-tools\adb.exe -P 5037 -s emulator-5554 shell pm grant org.wikipedia android.permission.WRITE_EXTERNAL_STORAGE ; pm grant org.wikipedia android.permission.POST_NOTIFICATIONS ; pm grant org.wikipedia android.permission.ACCESS_COARSE_LOCATION ; pm grant org.wikipedia android.permission.ACCESS_FINE_LOCATION ; pm grant org.wikipedia android.permission.READ_EXTERNAL_STORAGE ; pm grant org.wikipedia android.permission.POST_NOTIFICATIONS ; pm grant org.wikipedia android.permission.ACCESS_FINE_LOCATION ; pm grant org.wikipedia android.permission.READ_EXTERNAL_STORAGE ; pm grant org.wikipedia android.permission.ACCESS_COARSE_LOCATION ; pm grant org.wikipedia android.permission.WRITE_EXTERNAL_STORAGE ;'
&amp#27;[38;5;32m[AndroidUiautomator2Driver@f469 (f5c6ca44)]&amp#27;[0m Performed fast reset on the installed 'org.wikipedia' application (stop and clear)
&amp#27;[38;5;32m[AndroidUiautomator2Driver@f469 (f5c6ca44)]&amp#27;[0m Performing shallow cleanup of automation leftovers
&amp#27;[38;5;32m[AndroidUiautomator2Driver@f469 (f5c6ca44)]&amp#27;[0m No obsolete sessions have been detected (socket hang up)
&amp#27;[38;5;48m[ADB]&amp#27;[0m Running 'C:\Users\danev\AppData\Local\Android\Sdk\platform-tools\adb.exe -P 5037 -s emulator-5554 shell am force-stop io.appium.uiautomator2.server.test'
&amp#27;[38;5;32m[AndroidUiautomator2Driver@f469 (f5c6ca44)]&amp#27;[0m Starting UIAutomator2 server 7.0.5
&amp#27;[38;5;32m[AndroidUiautomator2Driver@f469 (f5c6ca44)]&amp#27;[0m Using UIAutomator2 server from 'C:\Users\danev\node_modules\appium-uiautomator2-driver\node_modules\appium-uiautomator2-server\apks\appium-uiautomator2-server-v7.0.5.apk' and test from 'C:\Users\danev\node_modules\appium-uiautomator2-driver\node_modules\appium-uiautomator2-server\apks\appium-uiautomator2-server-debug-androidTest.apk'
&amp#27;[38;5;32m[AndroidUiautomator2Driver@f469 (f5c6ca44)]&amp#27;[0m Waiting up to 30000ms for UiAutomator2 to be online...
&amp#27;[38;5;48m[ADB]&amp#27;[0m Creating ADB subprocess with args: ["-P","5037","-s","emulator-5554","shell","am","instrument","-w","-e","disableAnalytics","true","io.appium.uiautomator2.server.test/androidx.test.runner.AndroidJUnitRunner"]
&amp#27;[38;5;32m[AndroidUiautomator2Driver@f469 (f5c6ca44)]&amp#27;[0m Matched '/status' to command name 'getStatus'
&amp#27;[38;5;32m[AndroidUiautomator2Driver@f469 (f5c6ca44)]&amp#27;[0m Proxying [GET /status] to [GET http://127.0.0.1:8200/status] with no body
&amp#27;[38;5;32m[AndroidUiautomator2Driver@f469 (f5c6ca44)]&amp#27;[0m socket hang up
&amp#27;[38;5;96m[Instrumentation]&amp#27;[0m io.appium.uiautomator2.server.test.AppiumUiAutomator2Server:
&amp#27;[38;5;32m[AndroidUiautomator2Driver@f469 (f5c6ca44)]&amp#27;[0m Matched '/status' to command name 'getStatus'
&amp#27;[38;5;32m[AndroidUiautomator2Driver@f469 (f5c6ca44)]&amp#27;[0m Proxying [GET /status] to [GET http://127.0.0.1:8200/status] with no body
&amp#27;[38;5;32m[AndroidUiautomator2Driver@f469 (f5c6ca44)]&amp#27;[0m socket hang up
&amp#27;[38;5;32m[AndroidUiautomator2Driver@f469 (f5c6ca44)]&amp#27;[0m Matched '/status' to command name 'getStatus'
&amp#27;[38;5;32m[AndroidUiautomator2Driver@f469 (f5c6ca44)]&amp#27;[0m Proxying [GET /status] to [GET http://127.0.0.1:8200/status] with no body
&amp#27;[38;5;32m[AndroidUiautomator2Driver@f469 (f5c6ca44)]&amp#27;[0m Got response with status 200: {"sessionId":"None","value":{"message":"UiAutomator2 Server is ready to accept commands","ready":true}}
&amp#27;[38;5;32m[AndroidUiautomator2Driver@f469 (f5c6ca44)]&amp#27;[0m The initialization of the instrumentation process took 2116ms
&amp#27;[38;5;32m[AndroidUiautomator2Driver@f469 (f5c6ca44)]&amp#27;[0m Matched '/session' to command name 'createSession'
&amp#27;[38;5;32m[AndroidUiautomator2Driver@f469 (f5c6ca44)]&amp#27;[0m Proxying [POST /session] to [POST http://127.0.0.1:8200/session] with body: {"capabilities":{"firstMatch":[{"platformName":"ANDROID","autoGrantPermissions":true,"appWaitActivity":"org.wikipedia.onboarding.InitialOnboardingActivity","deviceName":"emulator-5554","automationName":"UiAutomator2","app":"C:\\Users\\danev\\qaRepo\\qa-automation-portfolio\\mobile-tests\\src\\test\\resources\\apks\\org.wikipedia_50530.apk","platform":"LINUX","webStorageEnabled":false,"takesScreenshot":true,"javascriptEnabled":true,"databaseEnabled":false,"networkConnectionEnabled":true,"locationContextEnabled":false,"warnings":{},"desired":{"platformName":"ANDROID","autoGrantPermissions":true,"appWaitActivity":"org.wikipedia.onboarding.InitialOnboardingActivity","deviceName":"emulator-5554","automationName":"UiAutomator2","app":"C:\\Users\\danev\\qaRepo\\qa-automation-portfolio\\mobile-tests\\src\\test\\resources\\apks\\org.wikipedia_50530.apk"},"deviceUDID":"emulator-5554","appPackage":"org.wikipedia"}],"alwaysMatch":{}}}
&amp#27;[38;5;32m[AndroidUiautomator2Driver@f469 (f5c6ca44)]&amp#27;[0m Got response with status 200: {"sessionId":"39addf5e-d462-4162-a00e-641d904b2f38","value":{"capabilities":{"firstMatch":[{"platformName":"ANDROID","autoGrantPermissions":true,"appWaitActivity":"org.wikipedia.onboarding.InitialOnboardingActivity","deviceName":"emulator-5554","automationName":"UiAutomator2","app":"C:\\Users\\danev\\qaRepo\\qa-automation-portfolio\\mobile-tests\\src\\test\\resources\\apks\\org.wikipedia_50530.apk","platform":"LINUX","webStorageEnabled":false,"takesScreenshot":true,"javascriptEnabled":true,"databaseEnabled":false,"networkConnectionEnabled":true,"locationContextEnabled":false,"warnings":{},"desired":{"platformName":"ANDROID","autoGrantPermissions":true,"appWaitActivity":"org.wikipedia.onboarding.InitialOnboardingActivity","deviceName":"emulator-5554","automationName":"UiAutomator2","app":"C:\\Users\\danev\\qaRepo\\qa-automation-portfolio\\mobile-tests\\src\\test\\resources\\apks\\org.wikipedia_50530.apk"},"deviceUDID":"emulator-5554","appPackage":"org.wikipedia"}],"alwaysMatch":{}},"sessionId":"39addf5e-d46...
&amp#27;[38;5;32m[AndroidUiautomator2Driver@f469 (f5c6ca44)]&amp#27;[0m Determined the downstream protocol as 'W3C'
&amp#27;[38;5;32m[AndroidUiautomator2Driver@f469 (f5c6ca44)]&amp#27;[0m Proxying [GET /appium/device/pixel_ratio] to [GET http://127.0.0.1:8200/session/39addf5e-d462-4162-a00e-641d904b2f38/appium/device/pixel_ratio] with no body
&amp#27;[38;5;32m[AndroidUiautomator2Driver@f469 (f5c6ca44)]&amp#27;[0m Matched '/appium/device/system_bars' to command name 'getSystemBars'
&amp#27;[38;5;32m[AndroidUiautomator2Driver@f469 (f5c6ca44)]&amp#27;[0m Proxying [GET /appium/device/system_bars] to [GET http://127.0.0.1:8200/session/39addf5e-d462-4162-a00e-641d904b2f38/appium/device/system_bars] with no body
&amp#27;[38;5;32m[AndroidUiautomator2Driver@f469 (f5c6ca44)]&amp#27;[0m Matched '/window/current/size' to command name 'getWindowSize'
&amp#27;[38;5;32m[AndroidUiautomator2Driver@f469 (f5c6ca44)]&amp#27;[0m Proxying [GET /window/current/size] to [GET http://127.0.0.1:8200/session/39addf5e-d462-4162-a00e-641d904b2f38/window/current/size] with no body
&amp#27;[38;5;32m[AndroidUiautomator2Driver@f469 (f5c6ca44)]&amp#27;[0m Proxying [GET /appium/device/info] to [GET http://127.0.0.1:8200/session/39addf5e-d462-4162-a00e-641d904b2f38/appium/device/info] with no body
&amp#27;[38;5;48m[ADB]&amp#27;[0m Running 'C:\Users\danev\AppData\Local\Android\Sdk\platform-tools\adb.exe -P 5037 -s emulator-5554 shell dumpsys window'
&amp#27;[38;5;32m[AndroidUiautomator2Driver@f469 (f5c6ca44)]&amp#27;[0m Got response with status 200: {"sessionId":"39addf5e-d462-4162-a00e-641d904b2f38","value":3}
&amp#27;[38;5;32m[AndroidUiautomator2Driver@f469 (f5c6ca44)]&amp#27;[0m Got response with status 200: {"sessionId":"39addf5e-d462-4162-a00e-641d904b2f38","value":{"statusBar":151}}
&amp#27;[38;5;32m[AndroidUiautomator2Driver@f469 (f5c6ca44)]&amp#27;[0m Got response with status 200: {"sessionId":"39addf5e-d462-4162-a00e-641d904b2f38","value":{"height":2992,"width":1344}}
&amp#27;[38;5;32m[AndroidUiautomator2Driver@f469 (f5c6ca44)]&amp#27;[0m Screen already unlocked, doing nothing
&amp#27;[38;5;32m[AndroidUiautomator2Driver@f469 (f5c6ca44)]&amp#27;[0m Starting 'org.wikipedia/org.wikipedia.main.MainActivity and waiting for 'org.wikipedia/org.wikipedia.onboarding.InitialOnboardingActivity'
&amp#27;[38;5;48m[ADB]&amp#27;[0m Running 'C:\Users\danev\AppData\Local\Android\Sdk\platform-tools\adb.exe -P 5037 -s emulator-5554 shell am start -W -n org.wikipedia/org.wikipedia.main.MainActivity -S -a android.intent.action.MAIN -c android.intent.category.LAUNCHER -f 0x10200000'
&amp#27;[38;5;32m[AndroidUiautomator2Driver@f469 (f5c6ca44)]&amp#27;[0m Got response with status 200: {"sessionId":"39addf5e-d462-4162-a00e-641d904b2f38","value":{"androidId":"d18ddb0676223af8","apiVersion":"34","bluetooth":{"state":"ON"},"brand":"google","carrierName":"T-Mobile","displayDensity":480,"locale":"en_US","manufacturer":"Google","model":"sdk_gphone64_x86_64","networks":[{"capabilities":{"SSID":null,"linkDownBandwidthKbps":30000,"linkUpstreamBandwidthKbps":12000,"networkCapabilities":"NET_CAPABILITY_NOT_METERED,NET_CAPABILITY_INTERNET,NET_CAPABILITY_NOT_RESTRICTED,NET_CAPABILITY_TRUSTED,NET_CAPABILITY_NOT_VPN,NET_CAPABILITY_VALIDATED,NET_CAPABILITY_NOT_ROAMING,NET_CAPABILITY_FOREGROUND,NET_CAPABILITY_NOT_CONGESTED,NET_CAPABILITY_NOT_SUSPENDED","signalStrength":-50,"transportTypes":"TRANSPORT_WIFI"},"detailedState":"CONNECTED","extraInfo":"","isAvailable":true,"isConnected":true,"isFailover":false,"isRoaming":false,"state":"CONNECTED","subtype":-1,"subtypeName":"","type":1,"typeName":"WIFI"},{"capabilities":{"SSID":null,"linkDownBandwidthKbps":30000,"linkUpstreamBandwidthKbps":15000,"networkCapab...
&amp#27;[38;5;48m[ADB]&amp#27;[0m Waiting up to 20000ms for activity matching pkg: 'org.wikipedia' and activity: 'org.wikipedia.onboarding.InitialOnboardingActivity' to be focused
&amp#27;[38;5;48m[ADB]&amp#27;[0m Possible activities, to be checked: 'org.wikipedia.onboarding.InitialOnboardingActivity', 'org.wikipedia.org.wikipedia.onboarding.InitialOnboardingActivity'
&amp#27;[38;5;48m[ADB]&amp#27;[0m Getting focused package and activity
&amp#27;[38;5;48m[ADB]&amp#27;[0m Running 'C:\Users\danev\AppData\Local\Android\Sdk\platform-tools\adb.exe -P 5037 -s emulator-5554 shell dumpsys window displays'
&amp#27;[38;5;48m[ADB]&amp#27;[0m Found package: 'org.wikipedia' and fully qualified activity name : 'org.wikipedia.onboarding.InitialOnboardingActivity'
&amp#27;[38;5;16m[AppiumDriver@3f57]&amp#27;[0m New AndroidUiautomator2Driver session created successfully, session f5c6ca44-3d75-4e5d-987a-d1438f351f45 added to master session list
&amp#27;[38;5;16m[AppiumDriver@3f57]&amp#27;[0m Event 'newSessionStarted' logged at 1750041924462 (21:45:24 GMT-0500 (Central Daylight Time))
&amp#27;[38;5;32m[AndroidUiautomator2Driver@f469 (f5c6ca44)]&amp#27;[0m Cached the protocol value 'W3C' for the new session f5c6ca44-3d75-4e5d-987a-d1438f351f45
&amp#27;[38;5;32m[AndroidUiautomator2Driver@f469 (f5c6ca44)]&amp#27;[0m Responding to client with driver.createSession() result: {"capabilities":{"platformName":"ANDROID","autoGrantPermissions":true,"appWaitActivity":"org.wikipedia.onboarding.InitialOnboardingActivity","deviceName":"emulator-5554","automationName":"UiAutomator2","app":"C:\\Users\\danev\\qaRepo\\qa-automation-portfolio\\mobile-tests\\src\\test\\resources\\apks\\org.wikipedia_50530.apk","platform":"LINUX","webStorageEnabled":false,"takesScreenshot":true,"javascriptEnabled":true,"databaseEnabled":false,"networkConnectionEnabled":true,"locationContextEnabled":false,"warnings":{},"desired":{"platformName":"ANDROID","autoGrantPermissions":true,"appWaitActivity":"org.wikipedia.onboarding.InitialOnboardingActivity","deviceName":"emulator-5554","automationName":"UiAutomator2","app":"C:\\Users\\danev\\qaRepo\\qa-automation-portfolio\\mobile-tests\\src\\test\\resources\\apks\\org.wikipedia_50530.apk"},"deviceUDID":"emulator-5554","appPackage":"org.wikipedia","pixelRatio":"3","statBarHeight":151,"viewportRect":{"left":0,"top":151,"width":1344,"height":2841},"deviceApiLevel":34,...
&amp#27;[38;5;0m[HTTP]&amp#27;[0m &amp#27;[37m<-- POST /session &amp#27;[39m&amp#27;[32m200&amp#27;[39m &amp#27;[90m4829 ms - 1229&amp#27;[39m
&amp#27;[38;5;0m[HTTP]&amp#27;[0m &amp#27;[90m&amp#27;[39m
&amp#27;[38;5;0m[HTTP]&amp#27;[0m &amp#27;[37m-->&amp#27;[39m &amp#27;[37mPOST&amp#27;[39m &amp#27;[37m/session/f5c6ca44-3d75-4e5d-987a-d1438f351f45/timeouts&amp#27;[39m
&amp#27;[38;5;0m[HTTP]&amp#27;[0m &amp#27;[90m{"implicit":30000}&amp#27;[39m
&amp#27;[38;5;32m[AndroidUiautomator2Driver@f469 (f5c6ca44)]&amp#27;[0m Calling AppiumDriver.timeouts() with args: [null,null,null,null,30000,"f5c6ca44-3d75-4e5d-987a-d1438f351f45"]
&amp#27;[38;5;32m[AndroidUiautomator2Driver@f469 (f5c6ca44)]&amp#27;[0m W3C timeout argument: {"implicit":30000}}
&amp#27;[38;5;32m[AndroidUiautomator2Driver@f469 (f5c6ca44)]&amp#27;[0m Set implicit wait to 30000ms
&amp#27;[38;5;32m[AndroidUiautomator2Driver@f469 (f5c6ca44)]&amp#27;[0m Responding to client with driver.timeouts() result: null
&amp#27;[38;5;0m[HTTP]&amp#27;[0m &amp#27;[37m<-- POST /session/f5c6ca44-3d75-4e5d-987a-d1438f351f45/timeouts &amp#27;[39m&amp#27;[32m200&amp#27;[39m &amp#27;[90m3 ms - 14&amp#27;[39m
&amp#27;[38;5;0m[HTTP]&amp#27;[0m &amp#27;[90m&amp#27;[39m
App launched successfully.
]]></system-out>
    <system-err><![CDATA[SLF4J(W): No SLF4J providers were found.
SLF4J(W): Defaulting to no-operation (NOP) logger implementation
SLF4J(W): See https://www.slf4j.org/codes.html#noProviders for further details.
]]></system-err>
  </testcase>
</testsuite>