<?xml version="1.0" encoding="UTF-8"?>
<testsuite xmlns:xsi="http://www.w3.org/2001/XMLSchema-instance" xsi:noNamespaceSchemaLocation="https://maven.apache.org/surefire/maven-surefire-plugin/xsd/surefire-test-report-3.0.xsd" version="3.0" name="TestSuite" time="25.287" tests="9" errors="0" skipped="8" failures="1">
  <properties>
    <property name="java.specification.version" value="22"/>
    <property name="sun.cpu.isalist" value="amd64"/>
    <property name="sun.jnu.encoding" value="Cp1252"/>
    <property name="java.class.path" value="C:\Users\danev\qaRepo\qa-automation-portfolio\mobile-tests\target\test-classes;C:\Users\danev\qaRepo\qa-automation-portfolio\mobile-tests\target\classes;C:\Users\danev\.m2\repository\io\appium\java-client\9.2.3\java-client-9.2.3.jar;C:\Users\danev\.m2\repository\org\seleniumhq\selenium\selenium-api\4.33.0\selenium-api-4.33.0.jar;C:\Users\danev\.m2\repository\org\jspecify\jspecify\1.0.0\jspecify-1.0.0.jar;C:\Users\danev\.m2\repository\org\seleniumhq\selenium\selenium-remote-driver\4.33.0\selenium-remote-driver-4.33.0.jar;C:\Users\danev\.m2\repository\com\google\auto\service\auto-service-annotations\1.1.1\auto-service-annotations-1.1.1.jar;C:\Users\danev\.m2\repository\com\google\guava\guava\33.4.8-jre\guava-33.4.8-jre.jar;C:\Users\danev\.m2\repository\com\google\guava\failureaccess\1.0.3\failureaccess-1.0.3.jar;C:\Users\danev\.m2\repository\com\google\guava\listenablefuture\9999.0-empty-to-avoid-conflict-with-guava\listenablefuture-9999.0-empty-to-avoid-conflict-with-guava.jar;C:\Users\danev\.m2\repository\com\google\j2objc\j2objc-annotations\3.0.0\j2objc-annotations-3.0.0.jar;C:\Users\danev\.m2\repository\io\opentelemetry\opentelemetry-api\1.50.0\opentelemetry-api-1.50.0.jar;C:\Users\danev\.m2\repository\io\opentelemetry\opentelemetry-context\1.50.0\opentelemetry-context-1.50.0.jar;C:\Users\danev\.m2\repository\io\opentelemetry\opentelemetry-exporter-logging\1.50.0\opentelemetry-exporter-logging-1.50.0.jar;C:\Users\danev\.m2\repository\io\opentelemetry\opentelemetry-sdk-common\1.50.0\opentelemetry-sdk-common-1.50.0.jar;C:\Users\danev\.m2\repository\io\opentelemetry\opentelemetry-sdk-extension-autoconfigure-spi\1.50.0\opentelemetry-sdk-extension-autoconfigure-spi-1.50.0.jar;C:\Users\danev\.m2\repository\io\opentelemetry\opentelemetry-sdk-extension-autoconfigure\1.50.0\opentelemetry-sdk-extension-autoconfigure-1.50.0.jar;C:\Users\danev\.m2\repository\io\opentelemetry\opentelemetry-sdk-trace\1.50.0\opentelemetry-sdk-trace-1.50.0.jar;C:\Users\danev\.m2\repository\io\opentelemetry\opentelemetry-sdk\1.50.0\opentelemetry-sdk-1.50.0.jar;C:\Users\danev\.m2\repository\io\opentelemetry\opentelemetry-sdk-metrics\1.50.0\opentelemetry-sdk-metrics-1.50.0.jar;C:\Users\danev\.m2\repository\io\opentelemetry\opentelemetry-sdk-logs\1.50.0\opentelemetry-sdk-logs-1.50.0.jar;C:\Users\danev\.m2\repository\net\bytebuddy\byte-buddy\1.17.5\byte-buddy-1.17.5.jar;C:\Users\danev\.m2\repository\org\seleniumhq\selenium\selenium-http\4.33.0\selenium-http-4.33.0.jar;C:\Users\danev\.m2\repository\org\seleniumhq\selenium\selenium-json\4.33.0\selenium-json-4.33.0.jar;C:\Users\danev\.m2\repository\org\seleniumhq\selenium\selenium-manager\4.33.0\selenium-manager-4.33.0.jar;C:\Users\danev\.m2\repository\org\seleniumhq\selenium\selenium-os\4.33.0\selenium-os-4.33.0.jar;C:\Users\danev\.m2\repository\org\apache\commons\commons-exec\1.4.0\commons-exec-1.4.0.jar;C:\Users\danev\.m2\repository\org\seleniumhq\selenium\selenium-support\4.33.0\selenium-support-4.33.0.jar;C:\Users\danev\.m2\repository\com\google\code\gson\gson\2.11.0\gson-2.11.0.jar;C:\Users\danev\.m2\repository\com\google\errorprone\error_prone_annotations\2.27.0\error_prone_annotations-2.27.0.jar;C:\Users\danev\.m2\repository\org\slf4j\slf4j-api\2.0.13\slf4j-api-2.0.13.jar;C:\Users\danev\.m2\repository\org\seleniumhq\selenium\selenium-java\4.19.0\selenium-java-4.19.0.jar;C:\Users\danev\.m2\repository\org\seleniumhq\selenium\selenium-chrome-driver\4.19.0\selenium-chrome-driver-4.19.0.jar;C:\Users\danev\.m2\repository\org\seleniumhq\selenium\selenium-chromium-driver\4.19.0\selenium-chromium-driver-4.19.0.jar;C:\Users\danev\.m2\repository\org\seleniumhq\selenium\selenium-devtools-v121\4.19.0\selenium-devtools-v121-4.19.0.jar;C:\Users\danev\.m2\repository\org\seleniumhq\selenium\selenium-devtools-v122\4.19.0\selenium-devtools-v122-4.19.0.jar;C:\Users\danev\.m2\repository\org\seleniumhq\selenium\selenium-devtools-v123\4.19.0\selenium-devtools-v123-4.19.0.jar;C:\Users\danev\.m2\repository\org\seleniumhq\selenium\selenium-devtools-v85\4.19.0\selenium-devtools-v85-4.19.0.jar;C:\Users\danev\.m2\repository\org\seleniumhq\selenium\selenium-edge-driver\4.19.0\selenium-edge-driver-4.19.0.jar;C:\Users\danev\.m2\repository\org\seleniumhq\selenium\selenium-firefox-driver\4.19.0\selenium-firefox-driver-4.19.0.jar;C:\Users\danev\.m2\repository\org\seleniumhq\selenium\selenium-ie-driver\4.19.0\selenium-ie-driver-4.19.0.jar;C:\Users\danev\.m2\repository\org\seleniumhq\selenium\selenium-safari-driver\4.19.0\selenium-safari-driver-4.19.0.jar;C:\Users\danev\.m2\repository\org\testng\testng\7.9.0\testng-7.9.0.jar;C:\Users\danev\.m2\repository\com\beust\jcommander\1.82\jcommander-1.82.jar;C:\Users\danev\.m2\repository\org\webjars\jquery\3.7.1\jquery-3.7.1.jar;C:\Users\danev\.m2\repository\io\qameta\allure\allure-testng\2.24.0\allure-testng-2.24.0.jar;C:\Users\danev\.m2\repository\io\qameta\allure\allure-java-commons\2.24.0\allure-java-commons-2.24.0.jar;C:\Users\danev\.m2\repository\io\qameta\allure\allure-model\2.24.0\allure-model-2.24.0.jar;C:\Users\danev\.m2\repository\io\qameta\allure\allure-test-filter\2.24.0\allure-test-filter-2.24.0.jar;C:\Users\danev\.m2\repository\commons-io\commons-io\2.15.1\commons-io-2.15.1.jar;"/>
    <property name="java.vm.vendor" value="Oracle Corporation"/>
    <property name="sun.arch.data.model" value="64"/>
    <property name="user.variant" value=""/>
    <property name="java.vendor.url" value="https://java.oracle.com/"/>
    <property name="user.timezone" value="America/Chicago"/>
    <property name="os.name" value="Windows 11"/>
    <property name="java.vm.specification.version" value="22"/>
    <property name="sun.java.launcher" value="SUN_STANDARD"/>
    <property name="user.country" value="US"/>
    <property name="sun.boot.library.path" value="C:\Program Files\Java\jdk-22\bin"/>
    <property name="sun.java.command" value="C:\Users\danev\AppData\Local\Temp\surefire16401568682086329405\surefirebooter-20250616011818950_3.jar C:\Users\danev\AppData\Local\Temp\surefire16401568682086329405 2025-06-16T01-18-18_862-jvmRun1 surefire-20250616011818950_1tmp surefire_0-20250616011818950_2tmp"/>
    <property name="jdk.debug" value="release"/>
    <property name="surefire.test.class.path" value="C:\Users\danev\qaRepo\qa-automation-portfolio\mobile-tests\target\test-classes;C:\Users\danev\qaRepo\qa-automation-portfolio\mobile-tests\target\classes;C:\Users\danev\.m2\repository\io\appium\java-client\9.2.3\java-client-9.2.3.jar;C:\Users\danev\.m2\repository\org\seleniumhq\selenium\selenium-api\4.33.0\selenium-api-4.33.0.jar;C:\Users\danev\.m2\repository\org\jspecify\jspecify\1.0.0\jspecify-1.0.0.jar;C:\Users\danev\.m2\repository\org\seleniumhq\selenium\selenium-remote-driver\4.33.0\selenium-remote-driver-4.33.0.jar;C:\Users\danev\.m2\repository\com\google\auto\service\auto-service-annotations\1.1.1\auto-service-annotations-1.1.1.jar;C:\Users\danev\.m2\repository\com\google\guava\guava\33.4.8-jre\guava-33.4.8-jre.jar;C:\Users\danev\.m2\repository\com\google\guava\failureaccess\1.0.3\failureaccess-1.0.3.jar;C:\Users\danev\.m2\repository\com\google\guava\listenablefuture\9999.0-empty-to-avoid-conflict-with-guava\listenablefuture-9999.0-empty-to-avoid-conflict-with-guava.jar;C:\Users\danev\.m2\repository\com\google\j2objc\j2objc-annotations\3.0.0\j2objc-annotations-3.0.0.jar;C:\Users\danev\.m2\repository\io\opentelemetry\opentelemetry-api\1.50.0\opentelemetry-api-1.50.0.jar;C:\Users\danev\.m2\repository\io\opentelemetry\opentelemetry-context\1.50.0\opentelemetry-context-1.50.0.jar;C:\Users\danev\.m2\repository\io\opentelemetry\opentelemetry-exporter-logging\1.50.0\opentelemetry-exporter-logging-1.50.0.jar;C:\Users\danev\.m2\repository\io\opentelemetry\opentelemetry-sdk-common\1.50.0\opentelemetry-sdk-common-1.50.0.jar;C:\Users\danev\.m2\repository\io\opentelemetry\opentelemetry-sdk-extension-autoconfigure-spi\1.50.0\opentelemetry-sdk-extension-autoconfigure-spi-1.50.0.jar;C:\Users\danev\.m2\repository\io\opentelemetry\opentelemetry-sdk-extension-autoconfigure\1.50.0\opentelemetry-sdk-extension-autoconfigure-1.50.0.jar;C:\Users\danev\.m2\repository\io\opentelemetry\opentelemetry-sdk-trace\1.50.0\opentelemetry-sdk-trace-1.50.0.jar;C:\Users\danev\.m2\repository\io\opentelemetry\opentelemetry-sdk\1.50.0\opentelemetry-sdk-1.50.0.jar;C:\Users\danev\.m2\repository\io\opentelemetry\opentelemetry-sdk-metrics\1.50.0\opentelemetry-sdk-metrics-1.50.0.jar;C:\Users\danev\.m2\repository\io\opentelemetry\opentelemetry-sdk-logs\1.50.0\opentelemetry-sdk-logs-1.50.0.jar;C:\Users\danev\.m2\repository\net\bytebuddy\byte-buddy\1.17.5\byte-buddy-1.17.5.jar;C:\Users\danev\.m2\repository\org\seleniumhq\selenium\selenium-http\4.33.0\selenium-http-4.33.0.jar;C:\Users\danev\.m2\repository\org\seleniumhq\selenium\selenium-json\4.33.0\selenium-json-4.33.0.jar;C:\Users\danev\.m2\repository\org\seleniumhq\selenium\selenium-manager\4.33.0\selenium-manager-4.33.0.jar;C:\Users\danev\.m2\repository\org\seleniumhq\selenium\selenium-os\4.33.0\selenium-os-4.33.0.jar;C:\Users\danev\.m2\repository\org\apache\commons\commons-exec\1.4.0\commons-exec-1.4.0.jar;C:\Users\danev\.m2\repository\org\seleniumhq\selenium\selenium-support\4.33.0\selenium-support-4.33.0.jar;C:\Users\danev\.m2\repository\com\google\code\gson\gson\2.11.0\gson-2.11.0.jar;C:\Users\danev\.m2\repository\com\google\errorprone\error_prone_annotations\2.27.0\error_prone_annotations-2.27.0.jar;C:\Users\danev\.m2\repository\org\slf4j\slf4j-api\2.0.13\slf4j-api-2.0.13.jar;C:\Users\danev\.m2\repository\org\seleniumhq\selenium\selenium-java\4.19.0\selenium-java-4.19.0.jar;C:\Users\danev\.m2\repository\org\seleniumhq\selenium\selenium-chrome-driver\4.19.0\selenium-chrome-driver-4.19.0.jar;C:\Users\danev\.m2\repository\org\seleniumhq\selenium\selenium-chromium-driver\4.19.0\selenium-chromium-driver-4.19.0.jar;C:\Users\danev\.m2\repository\org\seleniumhq\selenium\selenium-devtools-v121\4.19.0\selenium-devtools-v121-4.19.0.jar;C:\Users\danev\.m2\repository\org\seleniumhq\selenium\selenium-devtools-v122\4.19.0\selenium-devtools-v122-4.19.0.jar;C:\Users\danev\.m2\repository\org\seleniumhq\selenium\selenium-devtools-v123\4.19.0\selenium-devtools-v123-4.19.0.jar;C:\Users\danev\.m2\repository\org\seleniumhq\selenium\selenium-devtools-v85\4.19.0\selenium-devtools-v85-4.19.0.jar;C:\Users\danev\.m2\repository\org\seleniumhq\selenium\selenium-edge-driver\4.19.0\selenium-edge-driver-4.19.0.jar;C:\Users\danev\.m2\repository\org\seleniumhq\selenium\selenium-firefox-driver\4.19.0\selenium-firefox-driver-4.19.0.jar;C:\Users\danev\.m2\repository\org\seleniumhq\selenium\selenium-ie-driver\4.19.0\selenium-ie-driver-4.19.0.jar;C:\Users\danev\.m2\repository\org\seleniumhq\selenium\selenium-safari-driver\4.19.0\selenium-safari-driver-4.19.0.jar;C:\Users\danev\.m2\repository\org\testng\testng\7.9.0\testng-7.9.0.jar;C:\Users\danev\.m2\repository\com\beust\jcommander\1.82\jcommander-1.82.jar;C:\Users\danev\.m2\repository\org\webjars\jquery\3.7.1\jquery-3.7.1.jar;C:\Users\danev\.m2\repository\io\qameta\allure\allure-testng\2.24.0\allure-testng-2.24.0.jar;C:\Users\danev\.m2\repository\io\qameta\allure\allure-java-commons\2.24.0\allure-java-commons-2.24.0.jar;C:\Users\danev\.m2\repository\io\qameta\allure\allure-model\2.24.0\allure-model-2.24.0.jar;C:\Users\danev\.m2\repository\io\qameta\allure\allure-test-filter\2.24.0\allure-test-filter-2.24.0.jar;C:\Users\danev\.m2\repository\commons-io\commons-io\2.15.1\commons-io-2.15.1.jar;"/>
    <property name="sun.cpu.endian" value="little"/>
    <property name="user.home" value="C:\Users\danev"/>
    <property name="user.language" value="en"/>
    <property name="java.specification.vendor" value="Oracle Corporation"/>
    <property name="java.version.date" value="2024-04-16"/>
    <property name="java.home" value="C:\Program Files\Java\jdk-22"/>
    <property name="file.separator" value="\"/>
    <property name="basedir" value="C:\Users\danev\qaRepo\qa-automation-portfolio\mobile-tests"/>
    <property name="java.vm.compressedOopsMode" value="Zero based"/>
    <property name="line.separator" value="&#10;"/>
    <property name="java.vm.specification.vendor" value="Oracle Corporation"/>
    <property name="java.specification.name" value="Java Platform API Specification"/>
    <property name="surefire.real.class.path" value="C:\Users\danev\AppData\Local\Temp\surefire16401568682086329405\surefirebooter-20250616011818950_3.jar"/>
    <property name="user.script" value=""/>
    <property name="sun.management.compiler" value="HotSpot 64-Bit Tiered Compilers"/>
    <property name="java.runtime.version" value="22.0.1+8-16"/>
    <property name="user.name" value="danev"/>
    <property name="stdout.encoding" value="Cp1252"/>
    <property name="path.separator" value=";"/>
    <property name="os.version" value="10.0"/>
    <property name="java.runtime.name" value="Java(TM) SE Runtime Environment"/>
    <property name="file.encoding" value="UTF-8"/>
    <property name="java.vm.name" value="Java HotSpot(TM) 64-Bit Server VM"/>
    <property name="localRepository" value="C:\Users\danev\.m2\repository"/>
    <property name="java.vendor.url.bug" value="https://bugreport.java.com/bugreport/"/>
    <property name="java.io.tmpdir" value="C:\Users\danev\AppData\Local\Temp\"/>
    <property name="java.version" value="22.0.1"/>
    <property name="user.dir" value="C:\Users\danev\qaRepo\qa-automation-portfolio\mobile-tests"/>
    <property name="os.arch" value="amd64"/>
    <property name="java.vm.specification.name" value="Java Virtual Machine Specification"/>
    <property name="sun.os.patch.level" value=""/>
    <property name="native.encoding" value="Cp1252"/>
    <property name="java.library.path" value="C:\Program Files\Java\jdk-22\bin;C:\WINDOWS\Sun\Java\bin;C:\WINDOWS\system32;C:\WINDOWS;C:\Program Files\PowerShell\7;C:\Program Files\OpenSSH\;C:\Program Files\Microsoft\jdk-11.0.12.7-hotspot\bin;C:\Python311\Scripts\;C:\Python311\;C:\Program Files\Common Files\Oracle\Java\javapath;C:\Program Files\Oculus\Support\oculus-runtime;C:\Windows\system32;C:\Windows;C:\Windows\System32\Wbem;C:\Windows\System32\WindowsPowerShell\v1.0\;C:\Windows\System32\OpenSSH\;C:\Program Files\NVIDIA Corporation\NVIDIA NvDLISR;C:\Program Files (x86)\NVIDIA Corporation\PhysX\Common;C:\Program Files\dotnet\;C:\Program Files\Microsoft SQL Server\130\Tools\Binn\;C:\ProgramData\chocolatey\bin;C:\Program Files\nodejs\;C:\Program Files\Microsoft SQL Server\150\Tools\Binn\;C:\Program Files\Microsoft SQL Server\Client SDK\ODBC\170\Tools\Binn\;C:\Program Files\Git\cmd;C:\Program Files\GitHub CLI\;C:\Program Files\Docker\Docker\resources\bin;C:\Users\danev\AppData\Local\Android\Sdk\tools;C:\Users\danev\AppData\Local\Android\Sdk\platform-tools;C:\Program Files\nodejs\node_modules\npm\bin;C:\WINDOWS\system32;C:\WINDOWS;C:\WINDOWS\System32\Wbem;C:\WINDOWS\System32\WindowsPowerShell\v1.0\;C:\WINDOWS\System32\OpenSSH\;C:\Program Files\PowerShell\7\;C:\Program Files\Apache\Maven\apache-maven-3.9.10\bin;C:\Users\danev\AppData\Local\Microsoft\WindowsApps;C:\Users\danev\.dotnet\tools;C:\Users\danev\AppData\Roaming\npm;C:\Program Files\Azure Data Studio\bin;C:\Program Files\MKVToolNix;C:\Users\danev\AppData\Local\Microsoft\WindowsApps;C:\Users\danev\AppData\Local\Programs\Microsoft VS Code\bin;c:\Users\danev\AppData\Roaming\Code\User\globalStorage\github.copilot-chat\debugCommand;."/>
    <property name="java.vm.info" value="mixed mode, sharing"/>
    <property name="stderr.encoding" value="Cp1252"/>
    <property name="java.vendor" value="Oracle Corporation"/>
    <property name="java.vm.version" value="22.0.1+8-16"/>
    <property name="sun.io.unicode.encoding" value="UnicodeLittle"/>
    <property name="java.class.version" value="66.0"/>
  </properties>
  <testcase name="setUpDriver" classname="com.WikiDemo.tests.WikipediaSearchTest" time="25.171">
    <failure message="Could not start a new session. Response code 500. Message: An unknown server-side error occurred while processing the command. Original error: Could not find a connected Android device in 20000ms &#10;Host info: host: &apos;DESKTOP-MLBBIN1&apos;, ip: &apos;100.72.39.15&apos;&#10;Build info: version: &apos;4.33.0&apos;, revision: &apos;2c6aaad03a&apos;&#10;System info: os.name: &apos;Windows 11&apos;, os.arch: &apos;amd64&apos;, os.version: &apos;10.0&apos;, java.version: &apos;22.0.1&apos;&#10;Driver info: io.appium.java_client.android.AndroidDriver&#10;Command: [null, newSession {capabilities=[Capabilities {appium:app: C:\Users\danev\qaRepo\qa-au..., appium:appActivity: org.wikipedia.main.MainActi..., appium:appPackage: org.wikipedia, appium:appWaitActivity: *, appium:autoGrantPermissions: true, appium:automationName: UiAutomator2, appium:deviceName: emulator-5554, appium:fullReset: true, appium:noReset: false, platformName: ANDROID}]}]&#10;Capabilities {appium:app: C:\Users\danev\qaRepo\qa-au..., appium:appActivity: org.wikipedia.main.MainActi..., appium:appPackage: org.wikipedia, appium:appWaitActivity: *, appium:autoGrantPermissions: true, appium:automationName: UiAutomator2, appium:deviceName: emulator-5554, appium:fullReset: true, appium:noReset: false, platformName: ANDROID}" type="org.openqa.selenium.SessionNotCreatedException"><![CDATA[org.openqa.selenium.SessionNotCreatedException: 
Could not start a new session. Response code 500. Message: An unknown server-side error occurred while processing the command. Original error: Could not find a connected Android device in 20000ms 
Host info: host: 'DESKTOP-MLBBIN1', ip: '100.72.39.15'
Build info: version: '4.33.0', revision: '2c6aaad03a'
System info: os.name: 'Windows 11', os.arch: 'amd64', os.version: '10.0', java.version: '22.0.1'
Driver info: io.appium.java_client.android.AndroidDriver
Command: [null, newSession {capabilities=[Capabilities {appium:app: C:\Users\danev\qaRepo\qa-au..., appium:appActivity: org.wikipedia.main.MainActi..., appium:appPackage: org.wikipedia, appium:appWaitActivity: *, appium:autoGrantPermissions: true, appium:automationName: UiAutomator2, appium:deviceName: emulator-5554, appium:fullReset: true, appium:noReset: false, platformName: ANDROID}]}]
Capabilities {appium:app: C:\Users\danev\qaRepo\qa-au..., appium:appActivity: org.wikipedia.main.MainActi..., appium:appPackage: org.wikipedia, appium:appWaitActivity: *, appium:autoGrantPermissions: true, appium:automationName: UiAutomator2, appium:deviceName: emulator-5554, appium:fullReset: true, appium:noReset: false, platformName: ANDROID}
	at org.openqa.selenium.remote.ProtocolHandshake.createSession(ProtocolHandshake.java:114)
	at org.openqa.selenium.remote.ProtocolHandshake.createSession(ProtocolHandshake.java:75)
	at org.openqa.selenium.remote.ProtocolHandshake.createSession(ProtocolHandshake.java:61)
	at io.appium.java_client.remote.AppiumCommandExecutor.createSession(AppiumCommandExecutor.java:176)
	at io.appium.java_client.remote.AppiumCommandExecutor.execute(AppiumCommandExecutor.java:237)
	at org.openqa.selenium.remote.RemoteWebDriver.execute(RemoteWebDriver.java:544)
	at io.appium.java_client.AppiumDriver.startSession(AppiumDriver.java:270)
	at org.openqa.selenium.remote.RemoteWebDriver.<init>(RemoteWebDriver.java:173)
	at io.appium.java_client.AppiumDriver.<init>(AppiumDriver.java:91)
	at io.appium.java_client.AppiumDriver.<init>(AppiumDriver.java:103)
	at io.appium.java_client.android.AndroidDriver.<init>(AndroidDriver.java:109)
	at com.WikiDemo.base.BaseTest.setUpDriver(BaseTest.java:42)
	at java.base/jdk.internal.reflect.DirectMethodHandleAccessor.invoke(DirectMethodHandleAccessor.java:103)
	at java.base/java.lang.reflect.Method.invoke(Method.java:580)
	at org.testng.internal.invokers.MethodInvocationHelper.invokeMethod(MethodInvocationHelper.java:139)
	at org.testng.internal.invokers.MethodInvocationHelper.invokeMethodConsideringTimeout(MethodInvocationHelper.java:69)
	at org.testng.internal.invokers.ConfigInvoker.invokeConfigurationMethod(ConfigInvoker.java:393)
	at org.testng.internal.invokers.ConfigInvoker.invokeConfigurations(ConfigInvoker.java:326)
	at org.testng.internal.invokers.TestMethodWorker.invokeBeforeClassMethods(TestMethodWorker.java:180)
	at org.testng.internal.invokers.TestMethodWorker.run(TestMethodWorker.java:122)
	at java.base/java.util.ArrayList.forEach(ArrayList.java:1597)
	at org.testng.TestRunner.privateRun(TestRunner.java:819)
	at org.testng.TestRunner.run(TestRunner.java:619)
	at org.testng.SuiteRunner.runTest(SuiteRunner.java:443)
	at org.testng.SuiteRunner.runSequentially(SuiteRunner.java:437)
	at org.testng.SuiteRunner.privateRun(SuiteRunner.java:397)
	at org.testng.SuiteRunner.run(SuiteRunner.java:336)
	at org.testng.SuiteRunnerWorker.runSuite(SuiteRunnerWorker.java:52)
	at org.testng.SuiteRunnerWorker.run(SuiteRunnerWorker.java:95)
	at org.testng.TestNG.runSuitesSequentially(TestNG.java:1301)
	at org.testng.TestNG.runSuitesLocally(TestNG.java:1228)
	at org.testng.TestNG.runSuites(TestNG.java:1134)
	at org.testng.TestNG.run(TestNG.java:1101)
	at org.apache.maven.surefire.testng.TestNGExecutor.run(TestNGExecutor.java:308)
	at org.apache.maven.surefire.testng.TestNGXmlTestSuite.execute(TestNGXmlTestSuite.java:71)
	at org.apache.maven.surefire.testng.TestNGProvider.invoke(TestNGProvider.java:113)
	at org.apache.maven.surefire.booter.ForkedBooter.runSuitesInProcess(ForkedBooter.java:385)
	at org.apache.maven.surefire.booter.ForkedBooter.execute(ForkedBooter.java:162)
	at org.apache.maven.surefire.booter.ForkedBooter.run(ForkedBooter.java:507)
	at org.apache.maven.surefire.booter.ForkedBooter.main(ForkedBooter.java:495)
]]></failure>
    <system-out><![CDATA[&amp#27;[35m[Appium]&amp#27;[39m Welcome to Appium v2.5.2
&amp#27;[35m[Appium]&amp#27;[39m Non-default server args:
&amp#27;[35m[Appium]&amp#27;[39m { address: &amp#27;[32m'127.0.0.1'&amp#27;[39m }
&amp#27;[35m[Appium]&amp#27;[39m The autodetected Appium home path: C:\Users\danev
&amp#27;[35m[Appium]&amp#27;[39m Attempting to load driver uiautomator2...
&amp#27;[35m[Appium]&amp#27;[39m Requiring driver at C:\Users\danev\node_modules\appium-uiautomator2-driver\build\index.js
&amp#27;[35m[Appium]&amp#27;[39m AndroidUiautomator2Driver has been successfully loaded in 0.882s
&amp#27;[35m[Appium]&amp#27;[39m Appium REST http interface listener started on http://127.0.0.1:4723
&amp#27;[35m[Appium]&amp#27;[39m Available drivers:
&amp#27;[35m[Appium]&amp#27;[39m   - uiautomator2@3.1.0 (automationName 'UiAutomator2')
&amp#27;[35m[Appium]&amp#27;[39m No plugins have been installed. Use the "appium plugin" command to install the one(s) you want to use.
&amp#27;[38;5;0m[HTTP]&amp#27;[0m &amp#27;[37m-->&amp#27;[39m &amp#27;[37mGET&amp#27;[39m &amp#27;[37m/status&amp#27;[39m
&amp#27;[38;5;0m[HTTP]&amp#27;[0m &amp#27;[90m{}&amp#27;[39m
&amp#27;[38;5;16m[AppiumDriver@18e3]&amp#27;[0m Calling AppiumDriver.getStatus() with args: []
&amp#27;[38;5;16m[AppiumDriver@18e3]&amp#27;[0m Responding to client with driver.getStatus() result: {"ready":true,"message":"The server is ready to accept new connections","build":{"version":"2.5.2"}}
&amp#27;[38;5;0m[HTTP]&amp#27;[0m &amp#27;[37m<-- GET /status &amp#27;[39m&amp#27;[32m200&amp#27;[39m &amp#27;[90m4 ms - 110&amp#27;[39m
&amp#27;[38;5;0m[HTTP]&amp#27;[0m &amp#27;[90m&amp#27;[39m
[Suite] Clearing Allure results...
&amp#27;[38;5;0m[HTTP]&amp#27;[0m Request idempotency key: 61d46544-16f2-427c-bcc7-5aeeb7bb9a64
&amp#27;[38;5;0m[HTTP]&amp#27;[0m &amp#27;[37m-->&amp#27;[39m &amp#27;[37mPOST&amp#27;[39m &amp#27;[37m/session&amp#27;[39m
&amp#27;[38;5;0m[HTTP]&amp#27;[0m &amp#27;[90m{"capabilities":{"firstMatch":[{"appium:noReset":false,"appium:autoGrantPermissions":true,"appium:appActivity":"org.wikipedia.main.MainActivity","appium:appWaitActivity":"*","appium:deviceName":"emulator-5554","platformName":"ANDROID","appium:automationName":"UiAutomator2","appium:fullReset":true,"appium:app":"C:\\Users\\danev\\qaRepo\\qa-automation-portfolio\\mobile-tests\\src\\test\\resources\\apks\\org.wikipedia_50530.apk","appium:appPackage":"org.wikipedia"}]}}&amp#27;[39m
&amp#27;[38;5;16m[AppiumDriver@18e3]&amp#27;[0m Calling AppiumDriver.createSession() with args: [null,null,{"firstMatch":[{"appium:noReset":false,"appium:autoGrantPermissions":true,"appium:appActivity":"org.wikipedia.main.MainActivity","appium:appWaitActivity":"*","appium:deviceName":"emulator-5554","platformName":"ANDROID","appium:automationName":"UiAutomator2","appium:fullReset":true,"appium:app":"C:\\Users\\danev\\qaRepo\\qa-automation-portfolio\\mobile-tests\\src\\test\\resources\\apks\\org.wikipedia_50530.apk","appium:appPackage":"org.wikipedia"}]}]
&amp#27;[38;5;16m[AppiumDriver@18e3]&amp#27;[0m Event 'newSessionRequested' logged at 1750054702130 (01:18:22 GMT-0500 (Central Daylight Time))
&amp#27;[35m[Appium]&amp#27;[39m Attempting to find matching driver for automationName 'UiAutomator2' and platformName 'ANDROID'
&amp#27;[35m[Appium]&amp#27;[39m The 'uiautomator2' driver was installed and matched caps.
&amp#27;[35m[Appium]&amp#27;[39m Will require it at C:\Users\danev\node_modules\appium-uiautomator2-driver
&amp#27;[35m[Appium]&amp#27;[39m Requiring driver at C:\Users\danev\node_modules\appium-uiautomator2-driver\build\index.js
&amp#27;[38;5;16m[AppiumDriver@18e3]&amp#27;[0m Appium v2.5.2 creating new AndroidUiautomator2Driver (v3.1.0) session
&amp#27;[38;5;16m[AppiumDriver@18e3]&amp#27;[0m Checking BaseDriver versions for Appium and AndroidUiautomator2Driver
&amp#27;[38;5;16m[AppiumDriver@18e3]&amp#27;[0m Appium's BaseDriver version is 9.5.3
&amp#27;[38;5;16m[AppiumDriver@18e3]&amp#27;[0m AndroidUiautomator2Driver's BaseDriver version is 9.5.3
&amp#27;[38;5;32m[AndroidUiautomator2Driver@f486]&amp#27;[0m Creating session with W3C capabilities: {
&amp#27;[38;5;32m[AndroidUiautomator2Driver@f486]&amp#27;[0m   "alwaysMatch": {
&amp#27;[38;5;32m[AndroidUiautomator2Driver@f486]&amp#27;[0m     "platformName": "ANDROID",
&amp#27;[38;5;32m[AndroidUiautomator2Driver@f486]&amp#27;[0m     "appium:noReset": false,
&amp#27;[38;5;32m[AndroidUiautomator2Driver@f486]&amp#27;[0m     "appium:autoGrantPermissions": true,
&amp#27;[38;5;32m[AndroidUiautomator2Driver@f486]&amp#27;[0m     "appium:appActivity": "org.wikipedia.main.MainActivity",
&amp#27;[38;5;32m[AndroidUiautomator2Driver@f486]&amp#27;[0m     "appium:appWaitActivity": "*",
&amp#27;[38;5;32m[AndroidUiautomator2Driver@f486]&amp#27;[0m     "appium:deviceName": "emulator-5554",
&amp#27;[38;5;32m[AndroidUiautomator2Driver@f486]&amp#27;[0m     "appium:automationName": "UiAutomator2",
&amp#27;[38;5;32m[AndroidUiautomator2Driver@f486]&amp#27;[0m     "appium:fullReset": true,
&amp#27;[38;5;32m[AndroidUiautomator2Driver@f486]&amp#27;[0m     "appium:app": "C:\\Users\\danev\\qaRepo\\qa-automation-portfolio\\mobile-tests\\src\\test\\resources\\apks\\org.wikipedia_50530.apk",
&amp#27;[38;5;32m[AndroidUiautomator2Driver@f486]&amp#27;[0m     "appium:appPackage": "org.wikipedia"
&amp#27;[38;5;32m[AndroidUiautomator2Driver@f486]&amp#27;[0m   },
&amp#27;[38;5;32m[AndroidUiautomator2Driver@f486]&amp#27;[0m   "firstMatch": [
&amp#27;[38;5;32m[AndroidUiautomator2Driver@f486]&amp#27;[0m     {}
&amp#27;[38;5;32m[AndroidUiautomator2Driver@f486]&amp#27;[0m   ]
&amp#27;[38;5;32m[AndroidUiautomator2Driver@f486]&amp#27;[0m }
&amp#27;[38;5;32m[AndroidUiautomator2Driver@f486 (aa8915d0)]&amp#27;[0m Session created with session id: aa8915d0-3313-4e64-aeaa-e92729e3b752
&amp#27;[38;5;48m[ADB]&amp#27;[0m Found 1 'build-tools' folders under 'C:\Users\danev\AppData\Local\Android\Sdk' (newest first):
&amp#27;[38;5;48m[ADB]&amp#27;[0m     C:\Users\danev\AppData\Local\Android\Sdk\build-tools\34.0.0
&amp#27;[38;5;48m[ADB]&amp#27;[0m Using 'adb.exe' from 'C:\Users\danev\AppData\Local\Android\Sdk\platform-tools\adb.exe'
&amp#27;[38;5;48m[ADB]&amp#27;[0m Running 'C:\Users\danev\AppData\Local\Android\Sdk\platform-tools\adb.exe -P 5037 start-server'
&amp#27;[38;5;32m[AndroidUiautomator2Driver@f486 (aa8915d0)]&amp#27;[0m Retrieving device list
&amp#27;[38;5;48m[ADB]&amp#27;[0m Trying to find connected Android devices
&amp#27;[38;5;48m[ADB]&amp#27;[0m Getting connected devices
&amp#27;[38;5;48m[ADB]&amp#27;[0m No connected devices have been detected
&amp#27;[38;5;48m[ADB]&amp#27;[0m Could not find online devices
&amp#27;[38;5;48m[ADB]&amp#27;[0m Reconnecting adb (target offline)
&amp#27;[38;5;48m[ADB]&amp#27;[0m Running 'C:\Users\danev\AppData\Local\Android\Sdk\platform-tools\adb.exe -P 5037 reconnect offline'
&amp#27;[38;5;48m[ADB]&amp#27;[0m Getting connected devices
&amp#27;[38;5;48m[ADB]&amp#27;[0m No connected devices have been detected
&amp#27;[38;5;48m[ADB]&amp#27;[0m Could not find online devices
&amp#27;[38;5;48m[ADB]&amp#27;[0m Reconnecting adb (target offline)
&amp#27;[38;5;48m[ADB]&amp#27;[0m Running 'C:\Users\danev\AppData\Local\Android\Sdk\platform-tools\adb.exe -P 5037 reconnect offline'
&amp#27;[38;5;48m[ADB]&amp#27;[0m Getting connected devices
&amp#27;[38;5;48m[ADB]&amp#27;[0m No connected devices have been detected
&amp#27;[38;5;48m[ADB]&amp#27;[0m Could not find online devices
&amp#27;[38;5;48m[ADB]&amp#27;[0m Reconnecting adb (target offline)
&amp#27;[38;5;48m[ADB]&amp#27;[0m Running 'C:\Users\danev\AppData\Local\Android\Sdk\platform-tools\adb.exe -P 5037 reconnect offline'
&amp#27;[38;5;48m[ADB]&amp#27;[0m Getting connected devices
&amp#27;[38;5;48m[ADB]&amp#27;[0m No connected devices have been detected
&amp#27;[38;5;48m[ADB]&amp#27;[0m Could not find online devices
&amp#27;[38;5;48m[ADB]&amp#27;[0m Reconnecting adb (target offline)
&amp#27;[38;5;48m[ADB]&amp#27;[0m Running 'C:\Users\danev\AppData\Local\Android\Sdk\platform-tools\adb.exe -P 5037 reconnect offline'
&amp#27;[38;5;48m[ADB]&amp#27;[0m Getting connected devices
&amp#27;[38;5;48m[ADB]&amp#27;[0m No connected devices have been detected
&amp#27;[38;5;48m[ADB]&amp#27;[0m Could not find online devices
&amp#27;[38;5;48m[ADB]&amp#27;[0m Reconnecting adb (target offline)
&amp#27;[38;5;48m[ADB]&amp#27;[0m Running 'C:\Users\danev\AppData\Local\Android\Sdk\platform-tools\adb.exe -P 5037 reconnect offline'
&amp#27;[38;5;48m[ADB]&amp#27;[0m Getting connected devices
&amp#27;[38;5;48m[ADB]&amp#27;[0m No connected devices have been detected
&amp#27;[38;5;48m[ADB]&amp#27;[0m Could not find online devices
&amp#27;[38;5;48m[ADB]&amp#27;[0m Reconnecting adb (target offline)
&amp#27;[38;5;48m[ADB]&amp#27;[0m Running 'C:\Users\danev\AppData\Local\Android\Sdk\platform-tools\adb.exe -P 5037 reconnect offline'
&amp#27;[38;5;48m[ADB]&amp#27;[0m Getting connected devices
&amp#27;[38;5;48m[ADB]&amp#27;[0m No connected devices have been detected
&amp#27;[38;5;48m[ADB]&amp#27;[0m Could not find online devices
&amp#27;[38;5;48m[ADB]&amp#27;[0m Reconnecting adb (target offline)
&amp#27;[38;5;48m[ADB]&amp#27;[0m Running 'C:\Users\danev\AppData\Local\Android\Sdk\platform-tools\adb.exe -P 5037 reconnect offline'
&amp#27;[38;5;48m[ADB]&amp#27;[0m Getting connected devices
&amp#27;[38;5;48m[ADB]&amp#27;[0m No connected devices have been detected
&amp#27;[38;5;48m[ADB]&amp#27;[0m Could not find online devices
&amp#27;[38;5;48m[ADB]&amp#27;[0m Reconnecting adb (target offline)
&amp#27;[38;5;48m[ADB]&amp#27;[0m Running 'C:\Users\danev\AppData\Local\Android\Sdk\platform-tools\adb.exe -P 5037 reconnect offline'
&amp#27;[38;5;48m[ADB]&amp#27;[0m Getting connected devices
&amp#27;[38;5;48m[ADB]&amp#27;[0m No connected devices have been detected
&amp#27;[38;5;48m[ADB]&amp#27;[0m Could not find online devices
&amp#27;[38;5;48m[ADB]&amp#27;[0m Reconnecting adb (target offline)
&amp#27;[38;5;48m[ADB]&amp#27;[0m Running 'C:\Users\danev\AppData\Local\Android\Sdk\platform-tools\adb.exe -P 5037 reconnect offline'
&amp#27;[38;5;48m[ADB]&amp#27;[0m Getting connected devices
&amp#27;[38;5;48m[ADB]&amp#27;[0m No connected devices have been detected
&amp#27;[38;5;48m[ADB]&amp#27;[0m Could not find online devices
&amp#27;[38;5;48m[ADB]&amp#27;[0m Reconnecting adb (target offline)
&amp#27;[38;5;48m[ADB]&amp#27;[0m Running 'C:\Users\danev\AppData\Local\Android\Sdk\platform-tools\adb.exe -P 5037 reconnect offline'
&amp#27;[38;5;48m[ADB]&amp#27;[0m Getting connected devices
&amp#27;[38;5;48m[ADB]&amp#27;[0m No connected devices have been detected
&amp#27;[38;5;48m[ADB]&amp#27;[0m Could not find online devices
&amp#27;[38;5;48m[ADB]&amp#27;[0m Reconnecting adb (target offline)
&amp#27;[38;5;48m[ADB]&amp#27;[0m Running 'C:\Users\danev\AppData\Local\Android\Sdk\platform-tools\adb.exe -P 5037 reconnect offline'
&amp#27;[38;5;48m[ADB]&amp#27;[0m Getting connected devices
&amp#27;[38;5;48m[ADB]&amp#27;[0m No connected devices have been detected
&amp#27;[38;5;48m[ADB]&amp#27;[0m Could not find online devices
&amp#27;[38;5;48m[ADB]&amp#27;[0m Reconnecting adb (target offline)
&amp#27;[38;5;48m[ADB]&amp#27;[0m Running 'C:\Users\danev\AppData\Local\Android\Sdk\platform-tools\adb.exe -P 5037 reconnect offline'
&amp#27;[38;5;48m[ADB]&amp#27;[0m Getting connected devices
&amp#27;[38;5;48m[ADB]&amp#27;[0m No connected devices have been detected
&amp#27;[38;5;48m[ADB]&amp#27;[0m Could not find online devices
&amp#27;[38;5;48m[ADB]&amp#27;[0m Reconnecting adb (target offline)
&amp#27;[38;5;48m[ADB]&amp#27;[0m Running 'C:\Users\danev\AppData\Local\Android\Sdk\platform-tools\adb.exe -P 5037 reconnect offline'
&amp#27;[38;5;48m[ADB]&amp#27;[0m Getting connected devices
&amp#27;[38;5;48m[ADB]&amp#27;[0m No connected devices have been detected
&amp#27;[38;5;48m[ADB]&amp#27;[0m Could not find online devices
&amp#27;[38;5;48m[ADB]&amp#27;[0m Reconnecting adb (target offline)
&amp#27;[38;5;48m[ADB]&amp#27;[0m Running 'C:\Users\danev\AppData\Local\Android\Sdk\platform-tools\adb.exe -P 5037 reconnect offline'
&amp#27;[38;5;48m[ADB]&amp#27;[0m Getting connected devices
&amp#27;[38;5;48m[ADB]&amp#27;[0m No connected devices have been detected
&amp#27;[38;5;48m[ADB]&amp#27;[0m Could not find online devices
&amp#27;[38;5;48m[ADB]&amp#27;[0m Reconnecting adb (target offline)
&amp#27;[38;5;48m[ADB]&amp#27;[0m Running 'C:\Users\danev\AppData\Local\Android\Sdk\platform-tools\adb.exe -P 5037 reconnect offline'
&amp#27;[38;5;48m[ADB]&amp#27;[0m Getting connected devices
&amp#27;[38;5;48m[ADB]&amp#27;[0m No connected devices have been detected
&amp#27;[38;5;48m[ADB]&amp#27;[0m Could not find online devices
&amp#27;[38;5;48m[ADB]&amp#27;[0m Reconnecting adb (target offline)
&amp#27;[38;5;48m[ADB]&amp#27;[0m Running 'C:\Users\danev\AppData\Local\Android\Sdk\platform-tools\adb.exe -P 5037 reconnect offline'
&amp#27;[38;5;48m[ADB]&amp#27;[0m Getting connected devices
&amp#27;[38;5;48m[ADB]&amp#27;[0m No connected devices have been detected
&amp#27;[38;5;48m[ADB]&amp#27;[0m Could not find online devices
&amp#27;[38;5;48m[ADB]&amp#27;[0m Reconnecting adb (target offline)
&amp#27;[38;5;48m[ADB]&amp#27;[0m Running 'C:\Users\danev\AppData\Local\Android\Sdk\platform-tools\adb.exe -P 5037 reconnect offline'
&amp#27;[38;5;48m[ADB]&amp#27;[0m Getting connected devices
&amp#27;[38;5;48m[ADB]&amp#27;[0m No connected devices have been detected
&amp#27;[38;5;48m[ADB]&amp#27;[0m Could not find online devices
&amp#27;[38;5;48m[ADB]&amp#27;[0m Reconnecting adb (target offline)
&amp#27;[38;5;48m[ADB]&amp#27;[0m Running 'C:\Users\danev\AppData\Local\Android\Sdk\platform-tools\adb.exe -P 5037 reconnect offline'
&amp#27;[38;5;48m[ADB]&amp#27;[0m Getting connected devices
&amp#27;[38;5;48m[ADB]&amp#27;[0m No connected devices have been detected
&amp#27;[38;5;48m[ADB]&amp#27;[0m Could not find online devices
&amp#27;[38;5;48m[ADB]&amp#27;[0m Reconnecting adb (target offline)
&amp#27;[38;5;48m[ADB]&amp#27;[0m Running 'C:\Users\danev\AppData\Local\Android\Sdk\platform-tools\adb.exe -P 5037 reconnect offline'
&amp#27;[38;5;48m[ADB]&amp#27;[0m Getting connected devices
&amp#27;[38;5;48m[ADB]&amp#27;[0m No connected devices have been detected
&amp#27;[38;5;48m[ADB]&amp#27;[0m Could not find online devices
&amp#27;[38;5;48m[ADB]&amp#27;[0m Reconnecting adb (target offline)
&amp#27;[38;5;48m[ADB]&amp#27;[0m Running 'C:\Users\danev\AppData\Local\Android\Sdk\platform-tools\adb.exe -P 5037 reconnect offline'
&amp#27;[38;5;48m[ADB]&amp#27;[0m Getting connected devices
&amp#27;[38;5;48m[ADB]&amp#27;[0m No connected devices have been detected
&amp#27;[38;5;48m[ADB]&amp#27;[0m Could not find online devices
&amp#27;[38;5;48m[ADB]&amp#27;[0m Reconnecting adb (target offline)
&amp#27;[38;5;48m[ADB]&amp#27;[0m Running 'C:\Users\danev\AppData\Local\Android\Sdk\platform-tools\adb.exe -P 5037 reconnect offline'
&amp#27;[38;5;48m[ADB]&amp#27;[0m Getting connected devices
&amp#27;[38;5;48m[ADB]&amp#27;[0m No connected devices have been detected
&amp#27;[38;5;48m[ADB]&amp#27;[0m Could not find online devices
&amp#27;[38;5;48m[ADB]&amp#27;[0m Reconnecting adb (target offline)
&amp#27;[38;5;48m[ADB]&amp#27;[0m Running 'C:\Users\danev\AppData\Local\Android\Sdk\platform-tools\adb.exe -P 5037 reconnect offline'
&amp#27;[38;5;48m[ADB]&amp#27;[0m Getting connected devices
&amp#27;[38;5;48m[ADB]&amp#27;[0m No connected devices have been detected
&amp#27;[38;5;48m[ADB]&amp#27;[0m Could not find online devices
&amp#27;[38;5;48m[ADB]&amp#27;[0m Reconnecting adb (target offline)
&amp#27;[38;5;48m[ADB]&amp#27;[0m Running 'C:\Users\danev\AppData\Local\Android\Sdk\platform-tools\adb.exe -P 5037 reconnect offline'
&amp#27;[38;5;48m[ADB]&amp#27;[0m Getting connected devices
&amp#27;[38;5;48m[ADB]&amp#27;[0m No connected devices have been detected
&amp#27;[38;5;48m[ADB]&amp#27;[0m Could not find online devices
&amp#27;[38;5;48m[ADB]&amp#27;[0m Reconnecting adb (target offline)
&amp#27;[38;5;48m[ADB]&amp#27;[0m Running 'C:\Users\danev\AppData\Local\Android\Sdk\platform-tools\adb.exe -P 5037 reconnect offline'
&amp#27;[38;5;48m[ADB]&amp#27;[0m Getting connected devices
&amp#27;[38;5;48m[ADB]&amp#27;[0m No connected devices have been detected
&amp#27;[38;5;48m[ADB]&amp#27;[0m Could not find online devices
&amp#27;[38;5;48m[ADB]&amp#27;[0m Reconnecting adb (target offline)
&amp#27;[38;5;48m[ADB]&amp#27;[0m Running 'C:\Users\danev\AppData\Local\Android\Sdk\platform-tools\adb.exe -P 5037 reconnect offline'
&amp#27;[38;5;48m[ADB]&amp#27;[0m Getting connected devices
&amp#27;[38;5;48m[ADB]&amp#27;[0m No connected devices have been detected
&amp#27;[38;5;48m[ADB]&amp#27;[0m Could not find online devices
&amp#27;[38;5;48m[ADB]&amp#27;[0m Reconnecting adb (target offline)
&amp#27;[38;5;48m[ADB]&amp#27;[0m Running 'C:\Users\danev\AppData\Local\Android\Sdk\platform-tools\adb.exe -P 5037 reconnect offline'
&amp#27;[38;5;48m[ADB]&amp#27;[0m Getting connected devices
&amp#27;[38;5;48m[ADB]&amp#27;[0m No connected devices have been detected
&amp#27;[38;5;48m[ADB]&amp#27;[0m Could not find online devices
&amp#27;[38;5;48m[ADB]&amp#27;[0m Reconnecting adb (target offline)
&amp#27;[38;5;48m[ADB]&amp#27;[0m Running 'C:\Users\danev\AppData\Local\Android\Sdk\platform-tools\adb.exe -P 5037 reconnect offline'
&amp#27;[38;5;48m[ADB]&amp#27;[0m Getting connected devices
&amp#27;[38;5;48m[ADB]&amp#27;[0m No connected devices have been detected
&amp#27;[38;5;48m[ADB]&amp#27;[0m Could not find online devices
&amp#27;[38;5;48m[ADB]&amp#27;[0m Reconnecting adb (target offline)
&amp#27;[38;5;48m[ADB]&amp#27;[0m Running 'C:\Users\danev\AppData\Local\Android\Sdk\platform-tools\adb.exe -P 5037 reconnect offline'
&amp#27;[38;5;48m[ADB]&amp#27;[0m Getting connected devices
&amp#27;[38;5;48m[ADB]&amp#27;[0m No connected devices have been detected
&amp#27;[38;5;48m[ADB]&amp#27;[0m Could not find online devices
&amp#27;[38;5;48m[ADB]&amp#27;[0m Reconnecting adb (target offline)
&amp#27;[38;5;48m[ADB]&amp#27;[0m Running 'C:\Users\danev\AppData\Local\Android\Sdk\platform-tools\adb.exe -P 5037 reconnect offline'
&amp#27;[38;5;48m[ADB]&amp#27;[0m Getting connected devices
&amp#27;[38;5;48m[ADB]&amp#27;[0m No connected devices have been detected
&amp#27;[38;5;48m[ADB]&amp#27;[0m Could not find online devices
&amp#27;[38;5;48m[ADB]&amp#27;[0m Reconnecting adb (target offline)
&amp#27;[38;5;48m[ADB]&amp#27;[0m Running 'C:\Users\danev\AppData\Local\Android\Sdk\platform-tools\adb.exe -P 5037 reconnect offline'
&amp#27;[38;5;48m[ADB]&amp#27;[0m Getting connected devices
&amp#27;[38;5;48m[ADB]&amp#27;[0m No connected devices have been detected
&amp#27;[38;5;48m[ADB]&amp#27;[0m Could not find online devices
&amp#27;[38;5;48m[ADB]&amp#27;[0m Reconnecting adb (target offline)
&amp#27;[38;5;48m[ADB]&amp#27;[0m Running 'C:\Users\danev\AppData\Local\Android\Sdk\platform-tools\adb.exe -P 5037 reconnect offline'
&amp#27;[38;5;48m[ADB]&amp#27;[0m Getting connected devices
&amp#27;[38;5;48m[ADB]&amp#27;[0m No connected devices have been detected
&amp#27;[38;5;48m[ADB]&amp#27;[0m Could not find online devices
&amp#27;[38;5;48m[ADB]&amp#27;[0m Reconnecting adb (target offline)
&amp#27;[38;5;48m[ADB]&amp#27;[0m Running 'C:\Users\danev\AppData\Local\Android\Sdk\platform-tools\adb.exe -P 5037 reconnect offline'
&amp#27;[38;5;48m[ADB]&amp#27;[0m Getting connected devices
&amp#27;[38;5;48m[ADB]&amp#27;[0m No connected devices have been detected
&amp#27;[38;5;48m[ADB]&amp#27;[0m Could not find online devices
&amp#27;[38;5;48m[ADB]&amp#27;[0m Reconnecting adb (target offline)
&amp#27;[38;5;48m[ADB]&amp#27;[0m Running 'C:\Users\danev\AppData\Local\Android\Sdk\platform-tools\adb.exe -P 5037 reconnect offline'
&amp#27;[38;5;48m[ADB]&amp#27;[0m Getting connected devices
&amp#27;[38;5;48m[ADB]&amp#27;[0m No connected devices have been detected
&amp#27;[38;5;48m[ADB]&amp#27;[0m Could not find online devices
&amp#27;[38;5;48m[ADB]&amp#27;[0m Reconnecting adb (target offline)
&amp#27;[38;5;48m[ADB]&amp#27;[0m Running 'C:\Users\danev\AppData\Local\Android\Sdk\platform-tools\adb.exe -P 5037 reconnect offline'
&amp#27;[38;5;48m[ADB]&amp#27;[0m Getting connected devices
&amp#27;[38;5;48m[ADB]&amp#27;[0m No connected devices have been detected
&amp#27;[38;5;48m[ADB]&amp#27;[0m Could not find online devices
&amp#27;[38;5;48m[ADB]&amp#27;[0m Reconnecting adb (target offline)
&amp#27;[38;5;48m[ADB]&amp#27;[0m Running 'C:\Users\danev\AppData\Local\Android\Sdk\platform-tools\adb.exe -P 5037 reconnect offline'
&amp#27;[38;5;48m[ADB]&amp#27;[0m Getting connected devices
&amp#27;[38;5;48m[ADB]&amp#27;[0m No connected devices have been detected
&amp#27;[38;5;48m[ADB]&amp#27;[0m Could not find online devices
&amp#27;[38;5;48m[ADB]&amp#27;[0m Reconnecting adb (target offline)
&amp#27;[38;5;48m[ADB]&amp#27;[0m Running 'C:\Users\danev\AppData\Local\Android\Sdk\platform-tools\adb.exe -P 5037 reconnect offline'
&amp#27;[38;5;48m[ADB]&amp#27;[0m Getting connected devices
&amp#27;[38;5;48m[ADB]&amp#27;[0m No connected devices have been detected
&amp#27;[38;5;48m[ADB]&amp#27;[0m Could not find online devices
&amp#27;[38;5;48m[ADB]&amp#27;[0m Reconnecting adb (target offline)
&amp#27;[38;5;48m[ADB]&amp#27;[0m Running 'C:\Users\danev\AppData\Local\Android\Sdk\platform-tools\adb.exe -P 5037 reconnect offline'
&amp#27;[38;5;48m[ADB]&amp#27;[0m Getting connected devices
&amp#27;[38;5;48m[ADB]&amp#27;[0m No connected devices have been detected
&amp#27;[38;5;48m[ADB]&amp#27;[0m Could not find online devices
&amp#27;[38;5;48m[ADB]&amp#27;[0m Reconnecting adb (target offline)
&amp#27;[38;5;48m[ADB]&amp#27;[0m Running 'C:\Users\danev\AppData\Local\Android\Sdk\platform-tools\adb.exe -P 5037 reconnect offline'
&amp#27;[38;5;48m[ADB]&amp#27;[0m Getting connected devices
&amp#27;[38;5;48m[ADB]&amp#27;[0m No connected devices have been detected
&amp#27;[38;5;48m[ADB]&amp#27;[0m Could not find online devices
&amp#27;[38;5;48m[ADB]&amp#27;[0m Reconnecting adb (target offline)
&amp#27;[38;5;48m[ADB]&amp#27;[0m Running 'C:\Users\danev\AppData\Local\Android\Sdk\platform-tools\adb.exe -P 5037 reconnect offline'
&amp#27;[38;5;48m[ADB]&amp#27;[0m Getting connected devices
&amp#27;[38;5;48m[ADB]&amp#27;[0m No connected devices have been detected
&amp#27;[38;5;48m[ADB]&amp#27;[0m Could not find online devices
&amp#27;[38;5;48m[ADB]&amp#27;[0m Reconnecting adb (target offline)
&amp#27;[38;5;48m[ADB]&amp#27;[0m Running 'C:\Users\danev\AppData\Local\Android\Sdk\platform-tools\adb.exe -P 5037 reconnect offline'
&amp#27;[38;5;48m[ADB]&amp#27;[0m Getting connected devices
&amp#27;[38;5;48m[ADB]&amp#27;[0m No connected devices have been detected
&amp#27;[38;5;48m[ADB]&amp#27;[0m Could not find online devices
&amp#27;[38;5;48m[ADB]&amp#27;[0m Reconnecting adb (target offline)
&amp#27;[38;5;48m[ADB]&amp#27;[0m Running 'C:\Users\danev\AppData\Local\Android\Sdk\platform-tools\adb.exe -P 5037 reconnect offline'
&amp#27;[38;5;48m[ADB]&amp#27;[0m Getting connected devices
&amp#27;[38;5;48m[ADB]&amp#27;[0m No connected devices have been detected
&amp#27;[38;5;48m[ADB]&amp#27;[0m Could not find online devices
&amp#27;[38;5;48m[ADB]&amp#27;[0m Reconnecting adb (target offline)
&amp#27;[38;5;48m[ADB]&amp#27;[0m Running 'C:\Users\danev\AppData\Local\Android\Sdk\platform-tools\adb.exe -P 5037 reconnect offline'
&amp#27;[38;5;48m[ADB]&amp#27;[0m Getting connected devices
&amp#27;[38;5;48m[ADB]&amp#27;[0m No connected devices have been detected
&amp#27;[38;5;48m[ADB]&amp#27;[0m Could not find online devices
&amp#27;[38;5;48m[ADB]&amp#27;[0m Reconnecting adb (target offline)
&amp#27;[38;5;48m[ADB]&amp#27;[0m Running 'C:\Users\danev\AppData\Local\Android\Sdk\platform-tools\adb.exe -P 5037 reconnect offline'
&amp#27;[38;5;48m[ADB]&amp#27;[0m Getting connected devices
&amp#27;[38;5;48m[ADB]&amp#27;[0m No connected devices have been detected
&amp#27;[38;5;48m[ADB]&amp#27;[0m Could not find online devices
&amp#27;[38;5;48m[ADB]&amp#27;[0m Reconnecting adb (target offline)
&amp#27;[38;5;48m[ADB]&amp#27;[0m Running 'C:\Users\danev\AppData\Local\Android\Sdk\platform-tools\adb.exe -P 5037 reconnect offline'
&amp#27;[38;5;48m[ADB]&amp#27;[0m Getting connected devices
&amp#27;[38;5;48m[ADB]&amp#27;[0m No connected devices have been detected
&amp#27;[38;5;48m[ADB]&amp#27;[0m Could not find online devices
&amp#27;[38;5;48m[ADB]&amp#27;[0m Reconnecting adb (target offline)
&amp#27;[38;5;48m[ADB]&amp#27;[0m Running 'C:\Users\danev\AppData\Local\Android\Sdk\platform-tools\adb.exe -P 5037 reconnect offline'
&amp#27;[38;5;48m[ADB]&amp#27;[0m Getting connected devices
&amp#27;[38;5;48m[ADB]&amp#27;[0m No connected devices have been detected
&amp#27;[38;5;48m[ADB]&amp#27;[0m Could not find online devices
&amp#27;[38;5;48m[ADB]&amp#27;[0m Reconnecting adb (target offline)
&amp#27;[38;5;48m[ADB]&amp#27;[0m Running 'C:\Users\danev\AppData\Local\Android\Sdk\platform-tools\adb.exe -P 5037 reconnect offline'
&amp#27;[38;5;48m[ADB]&amp#27;[0m Getting connected devices
&amp#27;[38;5;48m[ADB]&amp#27;[0m No connected devices have been detected
&amp#27;[38;5;48m[ADB]&amp#27;[0m Could not find online devices
&amp#27;[38;5;48m[ADB]&amp#27;[0m Reconnecting adb (target offline)
&amp#27;[38;5;48m[ADB]&amp#27;[0m Running 'C:\Users\danev\AppData\Local\Android\Sdk\platform-tools\adb.exe -P 5037 reconnect offline'
&amp#27;[38;5;48m[ADB]&amp#27;[0m Getting connected devices
&amp#27;[38;5;48m[ADB]&amp#27;[0m No connected devices have been detected
&amp#27;[38;5;48m[ADB]&amp#27;[0m Could not find online devices
&amp#27;[38;5;48m[ADB]&amp#27;[0m Reconnecting adb (target offline)
&amp#27;[38;5;48m[ADB]&amp#27;[0m Running 'C:\Users\danev\AppData\Local\Android\Sdk\platform-tools\adb.exe -P 5037 reconnect offline'
&amp#27;[38;5;48m[ADB]&amp#27;[0m Getting connected devices
&amp#27;[38;5;48m[ADB]&amp#27;[0m No connected devices have been detected
&amp#27;[38;5;48m[ADB]&amp#27;[0m Could not find online devices
&amp#27;[38;5;48m[ADB]&amp#27;[0m Reconnecting adb (target offline)
&amp#27;[38;5;48m[ADB]&amp#27;[0m Running 'C:\Users\danev\AppData\Local\Android\Sdk\platform-tools\adb.exe -P 5037 reconnect offline'
&amp#27;[38;5;48m[ADB]&amp#27;[0m Getting connected devices
&amp#27;[38;5;48m[ADB]&amp#27;[0m No connected devices have been detected
&amp#27;[38;5;48m[ADB]&amp#27;[0m Could not find online devices
&amp#27;[38;5;48m[ADB]&amp#27;[0m Reconnecting adb (target offline)
&amp#27;[38;5;48m[ADB]&amp#27;[0m Running 'C:\Users\danev\AppData\Local\Android\Sdk\platform-tools\adb.exe -P 5037 reconnect offline'
&amp#27;[38;5;48m[ADB]&amp#27;[0m Getting connected devices
&amp#27;[38;5;48m[ADB]&amp#27;[0m No connected devices have been detected
&amp#27;[38;5;48m[ADB]&amp#27;[0m Could not find online devices
&amp#27;[38;5;48m[ADB]&amp#27;[0m Reconnecting adb (target offline)
&amp#27;[38;5;48m[ADB]&amp#27;[0m Running 'C:\Users\danev\AppData\Local\Android\Sdk\platform-tools\adb.exe -P 5037 reconnect offline'
&amp#27;[38;5;48m[ADB]&amp#27;[0m Getting connected devices
&amp#27;[38;5;48m[ADB]&amp#27;[0m No connected devices have been detected
&amp#27;[38;5;48m[ADB]&amp#27;[0m Could not find online devices
&amp#27;[38;5;48m[ADB]&amp#27;[0m Reconnecting adb (target offline)
&amp#27;[38;5;48m[ADB]&amp#27;[0m Running 'C:\Users\danev\AppData\Local\Android\Sdk\platform-tools\adb.exe -P 5037 reconnect offline'
&amp#27;[38;5;48m[ADB]&amp#27;[0m Getting connected devices
&amp#27;[38;5;48m[ADB]&amp#27;[0m No connected devices have been detected
&amp#27;[38;5;48m[ADB]&amp#27;[0m Could not find online devices
&amp#27;[38;5;48m[ADB]&amp#27;[0m Reconnecting adb (target offline)
&amp#27;[38;5;48m[ADB]&amp#27;[0m Running 'C:\Users\danev\AppData\Local\Android\Sdk\platform-tools\adb.exe -P 5037 reconnect offline'
&amp#27;[38;5;48m[ADB]&amp#27;[0m Getting connected devices
&amp#27;[38;5;48m[ADB]&amp#27;[0m No connected devices have been detected
&amp#27;[38;5;48m[ADB]&amp#27;[0m Could not find online devices
&amp#27;[38;5;48m[ADB]&amp#27;[0m Reconnecting adb (target offline)
&amp#27;[38;5;48m[ADB]&amp#27;[0m Running 'C:\Users\danev\AppData\Local\Android\Sdk\platform-tools\adb.exe -P 5037 reconnect offline'
&amp#27;[38;5;48m[ADB]&amp#27;[0m Getting connected devices
&amp#27;[38;5;48m[ADB]&amp#27;[0m No connected devices have been detected
&amp#27;[38;5;48m[ADB]&amp#27;[0m Could not find online devices
&amp#27;[38;5;48m[ADB]&amp#27;[0m Reconnecting adb (target offline)
&amp#27;[38;5;48m[ADB]&amp#27;[0m Running 'C:\Users\danev\AppData\Local\Android\Sdk\platform-tools\adb.exe -P 5037 reconnect offline'
&amp#27;[38;5;48m[ADB]&amp#27;[0m Getting connected devices
&amp#27;[38;5;48m[ADB]&amp#27;[0m No connected devices have been detected
&amp#27;[38;5;48m[ADB]&amp#27;[0m Could not find online devices
&amp#27;[38;5;48m[ADB]&amp#27;[0m Reconnecting adb (target offline)
&amp#27;[38;5;48m[ADB]&amp#27;[0m Running 'C:\Users\danev\AppData\Local\Android\Sdk\platform-tools\adb.exe -P 5037 reconnect offline'
&amp#27;[38;5;48m[ADB]&amp#27;[0m Getting connected devices
&amp#27;[38;5;48m[ADB]&amp#27;[0m No connected devices have been detected
&amp#27;[38;5;48m[ADB]&amp#27;[0m Could not find online devices
&amp#27;[38;5;48m[ADB]&amp#27;[0m Reconnecting adb (target offline)
&amp#27;[38;5;48m[ADB]&amp#27;[0m Running 'C:\Users\danev\AppData\Local\Android\Sdk\platform-tools\adb.exe -P 5037 reconnect offline'
&amp#27;[38;5;48m[ADB]&amp#27;[0m Getting connected devices
&amp#27;[38;5;48m[ADB]&amp#27;[0m No connected devices have been detected
&amp#27;[38;5;48m[ADB]&amp#27;[0m Could not find online devices
&amp#27;[38;5;48m[ADB]&amp#27;[0m Reconnecting adb (target offline)
&amp#27;[38;5;48m[ADB]&amp#27;[0m Running 'C:\Users\danev\AppData\Local\Android\Sdk\platform-tools\adb.exe -P 5037 reconnect offline'
&amp#27;[38;5;48m[ADB]&amp#27;[0m Getting connected devices
&amp#27;[38;5;48m[ADB]&amp#27;[0m No connected devices have been detected
&amp#27;[38;5;48m[ADB]&amp#27;[0m Could not find online devices
&amp#27;[38;5;48m[ADB]&amp#27;[0m Reconnecting adb (target offline)
&amp#27;[38;5;48m[ADB]&amp#27;[0m Running 'C:\Users\danev\AppData\Local\Android\Sdk\platform-tools\adb.exe -P 5037 reconnect offline'
&amp#27;[38;5;48m[ADB]&amp#27;[0m Getting connected devices
&amp#27;[38;5;48m[ADB]&amp#27;[0m No connected devices have been detected
&amp#27;[38;5;48m[ADB]&amp#27;[0m Could not find online devices
&amp#27;[38;5;48m[ADB]&amp#27;[0m Reconnecting adb (target offline)
&amp#27;[38;5;48m[ADB]&amp#27;[0m Running 'C:\Users\danev\AppData\Local\Android\Sdk\platform-tools\adb.exe -P 5037 reconnect offline'
&amp#27;[38;5;48m[ADB]&amp#27;[0m Getting connected devices
&amp#27;[38;5;48m[ADB]&amp#27;[0m No connected devices have been detected
&amp#27;[38;5;48m[ADB]&amp#27;[0m Could not find online devices
&amp#27;[38;5;48m[ADB]&amp#27;[0m Reconnecting adb (target offline)
&amp#27;[38;5;48m[ADB]&amp#27;[0m Running 'C:\Users\danev\AppData\Local\Android\Sdk\platform-tools\adb.exe -P 5037 reconnect offline'
&amp#27;[38;5;48m[ADB]&amp#27;[0m Getting connected devices
&amp#27;[38;5;48m[ADB]&amp#27;[0m No connected devices have been detected
&amp#27;[38;5;48m[ADB]&amp#27;[0m Could not find online devices
&amp#27;[38;5;48m[ADB]&amp#27;[0m Reconnecting adb (target offline)
&amp#27;[38;5;48m[ADB]&amp#27;[0m Running 'C:\Users\danev\AppData\Local\Android\Sdk\platform-tools\adb.exe -P 5037 reconnect offline'
&amp#27;[38;5;48m[ADB]&amp#27;[0m Getting connected devices
&amp#27;[38;5;48m[ADB]&amp#27;[0m No connected devices have been detected
&amp#27;[38;5;48m[ADB]&amp#27;[0m Could not find online devices
&amp#27;[38;5;48m[ADB]&amp#27;[0m Reconnecting adb (target offline)
&amp#27;[38;5;48m[ADB]&amp#27;[0m Running 'C:\Users\danev\AppData\Local\Android\Sdk\platform-tools\adb.exe -P 5037 reconnect offline'
&amp#27;[38;5;48m[ADB]&amp#27;[0m Getting connected devices
&amp#27;[38;5;48m[ADB]&amp#27;[0m No connected devices have been detected
&amp#27;[38;5;48m[ADB]&amp#27;[0m Could not find online devices
&amp#27;[38;5;48m[ADB]&amp#27;[0m Reconnecting adb (target offline)
&amp#27;[38;5;48m[ADB]&amp#27;[0m Running 'C:\Users\danev\AppData\Local\Android\Sdk\platform-tools\adb.exe -P 5037 reconnect offline'
&amp#27;[38;5;48m[ADB]&amp#27;[0m Getting connected devices
&amp#27;[38;5;48m[ADB]&amp#27;[0m No connected devices have been detected
&amp#27;[38;5;48m[ADB]&amp#27;[0m Could not find online devices
&amp#27;[38;5;48m[ADB]&amp#27;[0m Reconnecting adb (target offline)
&amp#27;[38;5;48m[ADB]&amp#27;[0m Running 'C:\Users\danev\AppData\Local\Android\Sdk\platform-tools\adb.exe -P 5037 reconnect offline'
&amp#27;[38;5;48m[ADB]&amp#27;[0m Getting connected devices
&amp#27;[38;5;48m[ADB]&amp#27;[0m No connected devices have been detected
&amp#27;[38;5;48m[ADB]&amp#27;[0m Could not find online devices
&amp#27;[38;5;48m[ADB]&amp#27;[0m Reconnecting adb (target offline)
&amp#27;[38;5;48m[ADB]&amp#27;[0m Running 'C:\Users\danev\AppData\Local\Android\Sdk\platform-tools\adb.exe -P 5037 reconnect offline'
&amp#27;[38;5;48m[ADB]&amp#27;[0m Getting connected devices
&amp#27;[38;5;48m[ADB]&amp#27;[0m No connected devices have been detected
&amp#27;[38;5;48m[ADB]&amp#27;[0m Could not find online devices
&amp#27;[38;5;48m[ADB]&amp#27;[0m Reconnecting adb (target offline)
&amp#27;[38;5;48m[ADB]&amp#27;[0m Running 'C:\Users\danev\AppData\Local\Android\Sdk\platform-tools\adb.exe -P 5037 reconnect offline'
&amp#27;[38;5;48m[ADB]&amp#27;[0m Getting connected devices
&amp#27;[38;5;48m[ADB]&amp#27;[0m No connected devices have been detected
&amp#27;[38;5;48m[ADB]&amp#27;[0m Could not find online devices
&amp#27;[38;5;48m[ADB]&amp#27;[0m Reconnecting adb (target offline)
&amp#27;[38;5;48m[ADB]&amp#27;[0m Running 'C:\Users\danev\AppData\Local\Android\Sdk\platform-tools\adb.exe -P 5037 reconnect offline'
&amp#27;[38;5;48m[ADB]&amp#27;[0m Getting connected devices
&amp#27;[38;5;48m[ADB]&amp#27;[0m No connected devices have been detected
&amp#27;[38;5;48m[ADB]&amp#27;[0m Could not find online devices
&amp#27;[38;5;48m[ADB]&amp#27;[0m Reconnecting adb (target offline)
&amp#27;[38;5;48m[ADB]&amp#27;[0m Running 'C:\Users\danev\AppData\Local\Android\Sdk\platform-tools\adb.exe -P 5037 reconnect offline'
&amp#27;[38;5;48m[ADB]&amp#27;[0m Getting connected devices
&amp#27;[38;5;48m[ADB]&amp#27;[0m No connected devices have been detected
&amp#27;[38;5;48m[ADB]&amp#27;[0m Could not find online devices
&amp#27;[38;5;48m[ADB]&amp#27;[0m Reconnecting adb (target offline)
&amp#27;[38;5;48m[ADB]&amp#27;[0m Running 'C:\Users\danev\AppData\Local\Android\Sdk\platform-tools\adb.exe -P 5037 reconnect offline'
&amp#27;[38;5;48m[ADB]&amp#27;[0m Getting connected devices
&amp#27;[38;5;48m[ADB]&amp#27;[0m No connected devices have been detected
&amp#27;[38;5;48m[ADB]&amp#27;[0m Could not find online devices
&amp#27;[38;5;48m[ADB]&amp#27;[0m Reconnecting adb (target offline)
&amp#27;[38;5;48m[ADB]&amp#27;[0m Running 'C:\Users\danev\AppData\Local\Android\Sdk\platform-tools\adb.exe -P 5037 reconnect offline'
&amp#27;[38;5;48m[ADB]&amp#27;[0m Getting connected devices
&amp#27;[38;5;48m[ADB]&amp#27;[0m No connected devices have been detected
&amp#27;[38;5;48m[ADB]&amp#27;[0m Could not find online devices
&amp#27;[38;5;48m[ADB]&amp#27;[0m Reconnecting adb (target offline)
&amp#27;[38;5;48m[ADB]&amp#27;[0m Running 'C:\Users\danev\AppData\Local\Android\Sdk\platform-tools\adb.exe -P 5037 reconnect offline'
&amp#27;[38;5;48m[ADB]&amp#27;[0m Getting connected devices
&amp#27;[38;5;48m[ADB]&amp#27;[0m No connected devices have been detected
&amp#27;[38;5;48m[ADB]&amp#27;[0m Could not find online devices
&amp#27;[38;5;48m[ADB]&amp#27;[0m Reconnecting adb (target offline)
&amp#27;[38;5;48m[ADB]&amp#27;[0m Running 'C:\Users\danev\AppData\Local\Android\Sdk\platform-tools\adb.exe -P 5037 reconnect offline'
&amp#27;[38;5;48m[ADB]&amp#27;[0m Getting connected devices
&amp#27;[38;5;48m[ADB]&amp#27;[0m No connected devices have been detected
&amp#27;[38;5;48m[ADB]&amp#27;[0m Could not find online devices
&amp#27;[38;5;48m[ADB]&amp#27;[0m Reconnecting adb (target offline)
&amp#27;[38;5;48m[ADB]&amp#27;[0m Running 'C:\Users\danev\AppData\Local\Android\Sdk\platform-tools\adb.exe -P 5037 reconnect offline'
&amp#27;[38;5;48m[ADB]&amp#27;[0m Getting connected devices
&amp#27;[38;5;48m[ADB]&amp#27;[0m No connected devices have been detected
&amp#27;[38;5;48m[ADB]&amp#27;[0m Could not find online devices
&amp#27;[38;5;48m[ADB]&amp#27;[0m Reconnecting adb (target offline)
&amp#27;[38;5;48m[ADB]&amp#27;[0m Running 'C:\Users\danev\AppData\Local\Android\Sdk\platform-tools\adb.exe -P 5037 reconnect offline'
&amp#27;[38;5;48m[ADB]&amp#27;[0m Getting connected devices
&amp#27;[38;5;48m[ADB]&amp#27;[0m No connected devices have been detected
&amp#27;[38;5;48m[ADB]&amp#27;[0m Could not find online devices
&amp#27;[38;5;48m[ADB]&amp#27;[0m Reconnecting adb (target offline)
&amp#27;[38;5;48m[ADB]&amp#27;[0m Running 'C:\Users\danev\AppData\Local\Android\Sdk\platform-tools\adb.exe -P 5037 reconnect offline'
&amp#27;[38;5;48m[ADB]&amp#27;[0m Getting connected devices
&amp#27;[38;5;48m[ADB]&amp#27;[0m No connected devices have been detected
&amp#27;[38;5;48m[ADB]&amp#27;[0m Could not find online devices
&amp#27;[38;5;48m[ADB]&amp#27;[0m Reconnecting adb (target offline)
&amp#27;[38;5;48m[ADB]&amp#27;[0m Running 'C:\Users\danev\AppData\Local\Android\Sdk\platform-tools\adb.exe -P 5037 reconnect offline'
&amp#27;[38;5;48m[ADB]&amp#27;[0m Getting connected devices
&amp#27;[38;5;48m[ADB]&amp#27;[0m No connected devices have been detected
&amp#27;[38;5;48m[ADB]&amp#27;[0m Could not find online devices
&amp#27;[38;5;48m[ADB]&amp#27;[0m Reconnecting adb (target offline)
&amp#27;[38;5;48m[ADB]&amp#27;[0m Running 'C:\Users\danev\AppData\Local\Android\Sdk\platform-tools\adb.exe -P 5037 reconnect offline'
&amp#27;[38;5;48m[ADB]&amp#27;[0m Getting connected devices
&amp#27;[38;5;48m[ADB]&amp#27;[0m No connected devices have been detected
&amp#27;[38;5;48m[ADB]&amp#27;[0m Could not find online devices
&amp#27;[38;5;48m[ADB]&amp#27;[0m Reconnecting adb (target offline)
&amp#27;[38;5;48m[ADB]&amp#27;[0m Running 'C:\Users\danev\AppData\Local\Android\Sdk\platform-tools\adb.exe -P 5037 reconnect offline'
&amp#27;[38;5;48m[ADB]&amp#27;[0m Getting connected devices
&amp#27;[38;5;48m[ADB]&amp#27;[0m No connected devices have been detected
&amp#27;[38;5;48m[ADB]&amp#27;[0m Could not find online devices
&amp#27;[38;5;48m[ADB]&amp#27;[0m Reconnecting adb (target offline)
&amp#27;[38;5;48m[ADB]&amp#27;[0m Running 'C:\Users\danev\AppData\Local\Android\Sdk\platform-tools\adb.exe -P 5037 reconnect offline'
&amp#27;[38;5;48m[ADB]&amp#27;[0m Getting connected devices
&amp#27;[38;5;48m[ADB]&amp#27;[0m No connected devices have been detected
&amp#27;[38;5;48m[ADB]&amp#27;[0m Could not find online devices
&amp#27;[38;5;48m[ADB]&amp#27;[0m Reconnecting adb (target offline)
&amp#27;[38;5;48m[ADB]&amp#27;[0m Running 'C:\Users\danev\AppData\Local\Android\Sdk\platform-tools\adb.exe -P 5037 reconnect offline'
&amp#27;[38;5;48m[ADB]&amp#27;[0m Getting connected devices
&amp#27;[38;5;48m[ADB]&amp#27;[0m No connected devices have been detected
&amp#27;[38;5;48m[ADB]&amp#27;[0m Could not find online devices
&amp#27;[38;5;48m[ADB]&amp#27;[0m Reconnecting adb (target offline)
&amp#27;[38;5;48m[ADB]&amp#27;[0m Running 'C:\Users\danev\AppData\Local\Android\Sdk\platform-tools\adb.exe -P 5037 reconnect offline'
&amp#27;[38;5;48m[ADB]&amp#27;[0m Getting connected devices
&amp#27;[38;5;48m[ADB]&amp#27;[0m No connected devices have been detected
&amp#27;[38;5;48m[ADB]&amp#27;[0m Could not find online devices
&amp#27;[38;5;48m[ADB]&amp#27;[0m Reconnecting adb (target offline)
&amp#27;[38;5;48m[ADB]&amp#27;[0m Running 'C:\Users\danev\AppData\Local\Android\Sdk\platform-tools\adb.exe -P 5037 reconnect offline'
&amp#27;[38;5;48m[ADB]&amp#27;[0m Getting connected devices
&amp#27;[38;5;48m[ADB]&amp#27;[0m No connected devices have been detected
&amp#27;[38;5;48m[ADB]&amp#27;[0m Could not find online devices
&amp#27;[38;5;48m[ADB]&amp#27;[0m Reconnecting adb (target offline)
&amp#27;[38;5;48m[ADB]&amp#27;[0m Running 'C:\Users\danev\AppData\Local\Android\Sdk\platform-tools\adb.exe -P 5037 reconnect offline'
&amp#27;[38;5;48m[ADB]&amp#27;[0m Getting connected devices
&amp#27;[38;5;48m[ADB]&amp#27;[0m No connected devices have been detected
&amp#27;[38;5;48m[ADB]&amp#27;[0m Could not find online devices
&amp#27;[38;5;48m[ADB]&amp#27;[0m Reconnecting adb (target offline)
&amp#27;[38;5;48m[ADB]&amp#27;[0m Running 'C:\Users\danev\AppData\Local\Android\Sdk\platform-tools\adb.exe -P 5037 reconnect offline'
&amp#27;[38;5;48m[ADB]&amp#27;[0m Getting connected devices
&amp#27;[38;5;48m[ADB]&amp#27;[0m No connected devices have been detected
&amp#27;[38;5;48m[ADB]&amp#27;[0m Could not find online devices
&amp#27;[38;5;48m[ADB]&amp#27;[0m Reconnecting adb (target offline)
&amp#27;[38;5;48m[ADB]&amp#27;[0m Running 'C:\Users\danev\AppData\Local\Android\Sdk\platform-tools\adb.exe -P 5037 reconnect offline'
&amp#27;[38;5;48m[ADB]&amp#27;[0m Getting connected devices
&amp#27;[38;5;48m[ADB]&amp#27;[0m No connected devices have been detected
&amp#27;[38;5;48m[ADB]&amp#27;[0m Could not find online devices
&amp#27;[38;5;48m[ADB]&amp#27;[0m Reconnecting adb (target offline)
&amp#27;[38;5;48m[ADB]&amp#27;[0m Running 'C:\Users\danev\AppData\Local\Android\Sdk\platform-tools\adb.exe -P 5037 reconnect offline'
&amp#27;[38;5;48m[ADB]&amp#27;[0m Getting connected devices
&amp#27;[38;5;48m[ADB]&amp#27;[0m No connected devices have been detected
&amp#27;[38;5;48m[ADB]&amp#27;[0m Could not find online devices
&amp#27;[38;5;48m[ADB]&amp#27;[0m Reconnecting adb (target offline)
&amp#27;[38;5;48m[ADB]&amp#27;[0m Running 'C:\Users\danev\AppData\Local\Android\Sdk\platform-tools\adb.exe -P 5037 reconnect offline'
&amp#27;[38;5;32m[AndroidUiautomator2Driver@f486 (aa8915d0)]&amp#27;[0m Deleting UiAutomator2 session
&amp#27;[38;5;16m[AppiumDriver@18e3]&amp#27;[0m Event 'newSessionStarted' logged at 1750054724249 (01:18:44 GMT-0500 (Central Daylight Time))
&amp#27;[38;5;16m[AppiumDriver@18e3]&amp#27;[0m Encountered internal error running command: Error: Could not find a connected Android device in 20000ms
&amp#27;[38;5;16m[AppiumDriver@18e3]&amp#27;[0m     at ADB.getDevicesWithRetry (C:\Users\danev\node_modules\appium-uiautomator2-driver\node_modules\appium-adb\lib\tools\system-calls.js:332:13)
&amp#27;[38;5;16m[AppiumDriver@18e3]&amp#27;[0m     at AndroidUiautomator2Driver.getDeviceInfoFromCaps (C:\Users\danev\node_modules\appium-uiautomator2-driver\node_modules\appium-android-driver\lib\commands\device\common.js:36:21)
&amp#27;[38;5;16m[AppiumDriver@18e3]&amp#27;[0m     at AndroidUiautomator2Driver.createSession (C:\Users\danev\node_modules\appium-uiautomator2-driver\lib\driver.ts:363:30)
&amp#27;[38;5;16m[AppiumDriver@18e3]&amp#27;[0m     at AppiumDriver.createSession (C:\Users\danev\node_modules\appium\lib\appium.js:717:35)
&amp#27;[38;5;0m[HTTP]&amp#27;[0m &amp#27;[37m<-- POST /session &amp#27;[39m&amp#27;[31m500&amp#27;[39m &amp#27;[90m22145 ms - 580&amp#27;[39m
&amp#27;[38;5;0m[HTTP]&amp#27;[0m &amp#27;[90m&amp#27;[39m
]]></system-out>
    <system-err><![CDATA[SLF4J(W): No SLF4J providers were found.
SLF4J(W): Defaulting to no-operation (NOP) logger implementation
SLF4J(W): See https://www.slf4j.org/codes.html#noProviders for further details.
]]></system-err>
  </testcase>
  <testcase name="prepareApp" classname="com.WikiDemo.tests.WikipediaSearchTest" time="0">
    <skipped/>
  </testcase>
  <testcase name="prepareApp" classname="com.WikiDemo.tests.WikipediaSearchTest" time="0">
    <skipped/>
  </testcase>
  <testcase name="prepareApp" classname="com.WikiDemo.tests.WikipediaSearchTest" time="0">
    <skipped/>
  </testcase>
  <testcase name="prepareApp" classname="com.WikiDemo.tests.WikipediaSearchTest" time="0">
    <skipped/>
  </testcase>
  <testcase name="testSearchForTerm[Appium](1)" classname="com.WikiDemo.tests.WikipediaSearchTest" time="0">
    <skipped message="Could not start a new session. Response code 500. Message: An unknown server-side error occurred while processing the command. Original error: Could not find a connected Android device in 20000ms &#10;Host info: host: &apos;DESKTOP-MLBBIN1&apos;, ip: &apos;100.72.39.15&apos;&#10;Build info: version: &apos;4.33.0&apos;, revision: &apos;2c6aaad03a&apos;&#10;System info: os.name: &apos;Windows 11&apos;, os.arch: &apos;amd64&apos;, os.version: &apos;10.0&apos;, java.version: &apos;22.0.1&apos;&#10;Driver info: io.appium.java_client.android.AndroidDriver&#10;Command: [null, newSession {capabilities=[Capabilities {appium:app: C:\Users\danev\qaRepo\qa-au..., appium:appActivity: org.wikipedia.main.MainActi..., appium:appPackage: org.wikipedia, appium:appWaitActivity: *, appium:autoGrantPermissions: true, appium:automationName: UiAutomator2, appium:deviceName: emulator-5554, appium:fullReset: true, appium:noReset: false, platformName: ANDROID}]}]&#10;Capabilities {appium:app: C:\Users\danev\qaRepo\qa-au..., appium:appActivity: org.wikipedia.main.MainActi..., appium:appPackage: org.wikipedia, appium:appWaitActivity: *, appium:autoGrantPermissions: true, appium:automationName: UiAutomator2, appium:deviceName: emulator-5554, appium:fullReset: true, appium:noReset: false, platformName: ANDROID}"/>
  </testcase>
  <testcase name="testSearchForTerm[TestNG](2)" classname="com.WikiDemo.tests.WikipediaSearchTest" time="0">
    <skipped message="Could not start a new session. Response code 500. Message: An unknown server-side error occurred while processing the command. Original error: Could not find a connected Android device in 20000ms &#10;Host info: host: &apos;DESKTOP-MLBBIN1&apos;, ip: &apos;100.72.39.15&apos;&#10;Build info: version: &apos;4.33.0&apos;, revision: &apos;2c6aaad03a&apos;&#10;System info: os.name: &apos;Windows 11&apos;, os.arch: &apos;amd64&apos;, os.version: &apos;10.0&apos;, java.version: &apos;22.0.1&apos;&#10;Driver info: io.appium.java_client.android.AndroidDriver&#10;Command: [null, newSession {capabilities=[Capabilities {appium:app: C:\Users\danev\qaRepo\qa-au..., appium:appActivity: org.wikipedia.main.MainActi..., appium:appPackage: org.wikipedia, appium:appWaitActivity: *, appium:autoGrantPermissions: true, appium:automationName: UiAutomator2, appium:deviceName: emulator-5554, appium:fullReset: true, appium:noReset: false, platformName: ANDROID}]}]&#10;Capabilities {appium:app: C:\Users\danev\qaRepo\qa-au..., appium:appActivity: org.wikipedia.main.MainActi..., appium:appPackage: org.wikipedia, appium:appWaitActivity: *, appium:autoGrantPermissions: true, appium:automationName: UiAutomator2, appium:deviceName: emulator-5554, appium:fullReset: true, appium:noReset: false, platformName: ANDROID}"/>
  </testcase>
  <testcase name="testSearchForTerm[Android](3)" classname="com.WikiDemo.tests.WikipediaSearchTest" time="0">
    <skipped message="Could not start a new session. Response code 500. Message: An unknown server-side error occurred while processing the command. Original error: Could not find a connected Android device in 20000ms &#10;Host info: host: &apos;DESKTOP-MLBBIN1&apos;, ip: &apos;100.72.39.15&apos;&#10;Build info: version: &apos;4.33.0&apos;, revision: &apos;2c6aaad03a&apos;&#10;System info: os.name: &apos;Windows 11&apos;, os.arch: &apos;amd64&apos;, os.version: &apos;10.0&apos;, java.version: &apos;22.0.1&apos;&#10;Driver info: io.appium.java_client.android.AndroidDriver&#10;Command: [null, newSession {capabilities=[Capabilities {appium:app: C:\Users\danev\qaRepo\qa-au..., appium:appActivity: org.wikipedia.main.MainActi..., appium:appPackage: org.wikipedia, appium:appWaitActivity: *, appium:autoGrantPermissions: true, appium:automationName: UiAutomator2, appium:deviceName: emulator-5554, appium:fullReset: true, appium:noReset: false, platformName: ANDROID}]}]&#10;Capabilities {appium:app: C:\Users\danev\qaRepo\qa-au..., appium:appActivity: org.wikipedia.main.MainActi..., appium:appPackage: org.wikipedia, appium:appWaitActivity: *, appium:autoGrantPermissions: true, appium:automationName: UiAutomator2, appium:deviceName: emulator-5554, appium:fullReset: true, appium:noReset: false, platformName: ANDROID}"/>
  </testcase>
  <testcase name="testSearchForTerm[Selenium](4)" classname="com.WikiDemo.tests.WikipediaSearchTest" time="0">
    <skipped message="Could not start a new session. Response code 500. Message: An unknown server-side error occurred while processing the command. Original error: Could not find a connected Android device in 20000ms &#10;Host info: host: &apos;DESKTOP-MLBBIN1&apos;, ip: &apos;100.72.39.15&apos;&#10;Build info: version: &apos;4.33.0&apos;, revision: &apos;2c6aaad03a&apos;&#10;System info: os.name: &apos;Windows 11&apos;, os.arch: &apos;amd64&apos;, os.version: &apos;10.0&apos;, java.version: &apos;22.0.1&apos;&#10;Driver info: io.appium.java_client.android.AndroidDriver&#10;Command: [null, newSession {capabilities=[Capabilities {appium:app: C:\Users\danev\qaRepo\qa-au..., appium:appActivity: org.wikipedia.main.MainActi..., appium:appPackage: org.wikipedia, appium:appWaitActivity: *, appium:autoGrantPermissions: true, appium:automationName: UiAutomator2, appium:deviceName: emulator-5554, appium:fullReset: true, appium:noReset: false, platformName: ANDROID}]}]&#10;Capabilities {appium:app: C:\Users\danev\qaRepo\qa-au..., appium:appActivity: org.wikipedia.main.MainActi..., appium:appPackage: org.wikipedia, appium:appWaitActivity: *, appium:autoGrantPermissions: true, appium:automationName: UiAutomator2, appium:deviceName: emulator-5554, appium:fullReset: true, appium:noReset: false, platformName: ANDROID}"/>
  </testcase>
</testsuite>