<?xml version="1.0" encoding="UTF-8"?>
<!-- Generated by org.testng.reporters.JUnitReportReporter -->
<testsuite hostname="DESKTOP-MLBBIN1" failures="0" tests="4" name="WikipediaApiTest" time="3.397" errors="0" timestamp="2025-06-17T11:54:26 CDT" skipped="0">
  <testcase classname="WikipediaApiTest" name="searchForNoResults" time="2.042"/>
  <testcase classname="WikipediaApiTest" name="searchForTerm" time="0.336"/>
  <testcase classname="WikipediaApiTest" name="searchForTerm" time="0.449"/>
  <testcase classname="WikipediaApiTest" name="searchForTerm" time="0.570"/>
</testsuite> <!-- WikipediaApiTest -->
